# JRE version: Java(TM) SE Runtime Environment (7.0_80-b15) (build 1.7.0_80-b15)
# Java VM: Java HotSpot(TM) 64-Bit Server VM (24.80-b11 mixed mode linux-amd64 compressed oops)
Heap
 PSYoungGen      total 49152K, used 40327K [0x00000007af080000, 0x00000007b3280000, 0x0000000800000000)
  eden space 41984K, 95% used [0x00000007af080000,0x00000007b17a9ea0,0x00000007b1980000)
  from space 7168K, 3% used [0x00000007b2000000,0x00000007b2038000,0x00000007b2700000)
  to   space 6656K, 0% used [0x00000007b1980000,0x00000007b1980000,0x00000007b2000000)
 ParOldGen       total 165376K, used 32230K [0x000000070d200000, 0x0000000717380000, 0x00000007af080000)
  object space 165376K, 19% used [0x000000070d200000,0x000000070f179830,0x0000000717380000)
 PSPermGen       total 21504K, used 20829K [0x0000000708000000, 0x0000000709500000, 0x000000070d200000)
  object space 21504K, 96% used [0x0000000708000000,0x0000000709457590,0x0000000709500000)
GC Heap History (10 events):
Event: 54,296 GC heap before
{Heap before GC invocations=28 (full 0):
 PSYoungGen      total 43008K, used 42816K [0x00000007af080000, 0x00000007b2c00000, 0x0000000800000000)
  eden space 42496K, 100% used [0x00000007af080000,0x00000007b1a00000,0x00000007b1a00000)
  from space 512K, 62% used [0x00000007b1a80000,0x00000007b1ad0000,0x00000007b1b00000)
  to   space 9216K, 0% used [0x00000007b2300000,0x00000007b2300000,0x00000007b2c00000)
 ParOldGen       total 165376K, used 31806K [0x000000070d200000, 0x0000000717380000, 0x00000007af080000)
  object space 165376K, 19% used [0x000000070d200000,0x000000070f10f830,0x0000000717380000)
 PSPermGen       total 21504K, used 20802K [0x0000000708000000, 0x0000000709500000, 0x000000070d200000)
  object space 21504K, 96% used [0x0000000708000000,0x00000007094509f0,0x0000000709500000)
Event: 54,298 GC heap after
Heap after GC invocations=28 (full 0):
 PSYoungGen      total 49664K, used 224K [0x00000007af080000, 0x00000007b2a80000, 0x0000000800000000)
  eden space 41984K, 0% used [0x00000007af080000,0x00000007af080000,0x00000007b1980000)
  from space 7680K, 2% used [0x00000007b2300000,0x00000007b2338000,0x00000007b2a80000)
  to   space 8704K, 0% used [0x00000007b1980000,0x00000007b1980000,0x00000007b2200000)
 ParOldGen       total 165376K, used 31942K [0x000000070d200000, 0x0000000717380000, 0x00000007af080000)
  object space 165376K, 19% used [0x000000070d200000,0x000000070f131830,0x0000000717380000)
 PSPermGen       total 21504K, used 20802K [0x0000000708000000, 0x0000000709500000, 0x000000070d200000)
  object space 21504K, 96% used [0x0000000708000000,0x00000007094509f0,0x0000000709500000)
}
Event: 56,089 GC heap before
{Heap before GC invocations=29 (full 0):
 PSYoungGen      total 49664K, used 42208K [0x00000007af080000, 0x00000007b2a80000, 0x0000000800000000)
  eden space 41984K, 100% used [0x00000007af080000,0x00000007b1980000,0x00000007b1980000)
  from space 7680K, 2% used [0x00000007b2300000,0x00000007b2338000,0x00000007b2a80000)
  to   space 8704K, 0% used [0x00000007b1980000,0x00000007b1980000,0x00000007b2200000)
 ParOldGen       total 165376K, used 31942K [0x000000070d200000, 0x0000000717380000, 0x00000007af080000)
  object space 165376K, 19% used [0x000000070d200000,0x000000070f131830,0x0000000717380000)
 PSPermGen       total 21504K, used 20811K [0x0000000708000000, 0x0000000709500000, 0x000000070d200000)
  object space 21504K, 96% used [0x0000000708000000,0x0000000709452ca8,0x0000000709500000)
Event: 56,091 GC heap after
Heap after GC invocations=29 (full 0):
 PSYoungGen      total 41984K, used 288K [0x00000007af080000, 0x00000007b2900000, 0x0000000800000000)
  eden space 41472K, 0% used [0x00000007af080000,0x00000007af080000,0x00000007b1900000)
  from space 512K, 56% used [0x00000007b1980000,0x00000007b19c8000,0x00000007b1a00000)
  to   space 8192K, 0% used [0x00000007b2100000,0x00000007b2100000,0x00000007b2900000)
 ParOldGen       total 165376K, used 31958K [0x000000070d200000, 0x0000000717380000, 0x00000007af080000)
  object space 165376K, 19% used [0x000000070d200000,0x000000070f135830,0x0000000717380000)
 PSPermGen       total 21504K, used 20811K [0x0000000708000000, 0x0000000709500000, 0x000000070d200000)
  object space 21504K, 96% used [0x0000000708000000,0x0000000709452ca8,0x0000000709500000)
}
Event: 56,209 GC heap before
{Heap before GC invocations=30 (full 0):
 PSYoungGen      total 41984K, used 41760K [0x00000007af080000, 0x00000007b2900000, 0x0000000800000000)
  eden space 41472K, 100% used [0x00000007af080000,0x00000007b1900000,0x00000007b1900000)
  from space 512K, 56% used [0x00000007b1980000,0x00000007b19c8000,0x00000007b1a00000)
  to   space 8192K, 0% used [0x00000007b2100000,0x00000007b2100000,0x00000007b2900000)
 ParOldGen       total 165376K, used 31958K [0x000000070d200000, 0x0000000717380000, 0x00000007af080000)
  object space 165376K, 19% used [0x000000070d200000,0x000000070f135830,0x0000000717380000)
 PSPermGen       total 21504K, used 20811K [0x0000000708000000, 0x0000000709500000, 0x000000070d200000)
  object space 21504K, 96% used [0x0000000708000000,0x0000000709452d80,0x0000000709500000)
Event: 56,211 GC heap after
Heap after GC invocations=30 (full 0):
 PSYoungGen      total 50176K, used 192K [0x00000007af080000, 0x00000007b3480000, 0x0000000800000000)
  eden space 41984K, 0% used [0x00000007af080000,0x00000007af080000,0x00000007b1980000)
  from space 8192K, 2% used [0x00000007b2100000,0x00000007b2130000,0x00000007b2900000)
  to   space 7680K, 0% used [0x00000007b1980000,0x00000007b1980000,0x00000007b2100000)
 ParOldGen       total 165376K, used 32086K [0x000000070d200000, 0x0000000717380000, 0x00000007af080000)
  object space 165376K, 19% used [0x000000070d200000,0x000000070f155830,0x0000000717380000)
 PSPermGen       total 21504K, used 20811K [0x0000000708000000, 0x0000000709500000, 0x000000070d200000)
  object space 21504K, 96% used [0x0000000708000000,0x0000000709452d80,0x0000000709500000)
}
Event: 56,890 GC heap before
{Heap before GC invocations=31 (full 0):
 PSYoungGen      total 50176K, used 42176K [0x00000007af080000, 0x00000007b3480000, 0x0000000800000000)
  eden space 41984K, 100% used [0x00000007af080000,0x00000007b1980000,0x00000007b1980000)
  from space 8192K, 2% used [0x00000007b2100000,0x00000007b2130000,0x00000007b2900000)
  to   space 7680K, 0% used [0x00000007b1980000,0x00000007b1980000,0x00000007b2100000)
 ParOldGen       total 165376K, used 32086K [0x000000070d200000, 0x0000000717380000, 0x00000007af080000)
  object space 165376K, 19% used [0x000000070d200000,0x000000070f155830,0x0000000717380000)
 PSPermGen       total 21504K, used 20819K [0x0000000708000000, 0x0000000709500000, 0x000000070d200000)
  object space 21504K, 96% used [0x0000000708000000,0x0000000709454d20,0x0000000709500000)
Event: 56,893 GC heap after
Heap after GC invocations=31 (full 0):
 PSYoungGen      total 41984K, used 256K [0x00000007af080000, 0x00000007b2700000, 0x0000000800000000)
  eden space 41472K, 0% used [0x00000007af080000,0x00000007af080000,0x00000007b1900000)
  from space 512K, 50% used [0x00000007b1980000,0x00000007b19c0000,0x00000007b1a00000)
  to   space 7168K, 0% used [0x00000007b2000000,0x00000007b2000000,0x00000007b2700000)
 ParOldGen       total 165376K, used 32094K [0x000000070d200000, 0x0000000717380000, 0x00000007af080000)
  object space 165376K, 19% used [0x000000070d200000,0x000000070f157830,0x0000000717380000)
 PSPermGen       total 21504K, used 20819K [0x0000000708000000, 0x0000000709500000, 0x000000070d200000)
  object space 21504K, 96% used [0x0000000708000000,0x0000000709454d20,0x0000000709500000)
}
Event: 57,000 GC heap before
{Heap before GC invocations=32 (full 0):
 PSYoungGen      total 41984K, used 41728K [0x00000007af080000, 0x00000007b2700000, 0x0000000800000000)
  eden space 41472K, 100% used [0x00000007af080000,0x00000007b1900000,0x00000007b1900000)
  from space 512K, 50% used [0x00000007b1980000,0x00000007b19c0000,0x00000007b1a00000)
  to   space 7168K, 0% used [0x00000007b2000000,0x00000007b2000000,0x00000007b2700000)
 ParOldGen       total 165376K, used 32094K [0x000000070d200000, 0x0000000717380000, 0x00000007af080000)
  object space 165376K, 19% used [0x000000070d200000,0x000000070f157830,0x0000000717380000)
 PSPermGen       total 21504K, used 20822K [0x0000000708000000, 0x0000000709500000, 0x000000070d200000)
  object space 21504K, 96% used [0x0000000708000000,0x0000000709455990,0x0000000709500000)
Event: 57,003 GC heap after
Heap after GC invocations=32 (full 0):
 PSYoungGen      total 49152K, used 224K [0x00000007af080000, 0x00000007b3280000, 0x0000000800000000)
  eden space 41984K, 0% used [0x00000007af080000,0x00000007af080000,0x00000007b1980000)
  from space 7168K, 3% used [0x00000007b2000000,0x00000007b2038000,0x00000007b2700000)
  to   space 6656K, 0% used [0x00000007b1980000,0x00000007b1980000,0x00000007b2000000)
 ParOldGen       total 165376K, used 32230K [0x000000070d200000, 0x0000000717380000, 0x00000007af080000)
  object space 165376K, 19% used [0x000000070d200000,0x000000070f179830,0x0000000717380000)
 PSPermGen       total 21504K, used 20822K [0x0000000708000000, 0x0000000709500000, 0x000000070d200000)
  object space 21504K, 96% used [0x0000000708000000,0x0000000709455990,0x0000000709500000)
}

