# JRE version: Java(TM) SE Runtime Environment (7.0_80-b15) (build 1.7.0_80-b15)
# Java VM: Java HotSpot(TM) 64-Bit Server VM (24.80-b11 mixed mode linux-amd64 compressed oops)
Heap
 PSYoungGen      total 34816K, used 27933K [0x00000007af080000, 0x00000007b1780000, 0x0000000800000000)
  eden space 30720K, 79% used [0x00000007af080000,0x00000007b0835cb8,0x00000007b0e80000)
  from space 4096K, 89% used [0x00000007b0e80000,0x00000007b12118d8,0x00000007b1280000)
  to   space 4608K, 0% used [0x00000007b1300000,0x00000007b1300000,0x00000007b1780000)
 ParOldGen       total 165376K, used 124349K [0x000000070d200000, 0x0000000717380000, 0x00000007af080000)
  object space 165376K, 75% used [0x000000070d200000,0x0000000714b6f518,0x0000000717380000)
 PSPermGen       total 21504K, used 18791K [0x0000000708000000, 0x0000000709500000, 0x000000070d200000)
  object space 21504K, 87% used [0x0000000708000000,0x0000000709259f68,0x0000000709500000)
GC Heap History (10 events):
Event: 4326,049 GC heap before
{Heap before GC invocations=47 (full 0):
 PSYoungGen      total 36352K, used 33670K [0x00000007af080000, 0x00000007b1880000, 0x0000000800000000)
  eden space 32768K, 100% used [0x00000007af080000,0x00000007b1080000,0x00000007b1080000)
  from space 3584K, 25% used [0x00000007b1500000,0x00000007b15e1ac0,0x00000007b1880000)
  to   space 4096K, 0% used [0x00000007b1080000,0x00000007b1080000,0x00000007b1480000)
 ParOldGen       total 165376K, used 56817K [0x000000070d200000, 0x0000000717380000, 0x00000007af080000)
  object space 165376K, 34% used [0x000000070d200000,0x000000071097c4e0,0x0000000717380000)
 PSPermGen       total 21504K, used 18786K [0x0000000708000000, 0x0000000709500000, 0x000000070d200000)
  object space 21504K, 87% used [0x0000000708000000,0x0000000709258ad8,0x0000000709500000)
Event: 4326,052 GC heap after
Heap after GC invocations=47 (full 0):
 PSYoungGen      total 36352K, used 3092K [0x00000007af080000, 0x00000007b1900000, 0x0000000800000000)
  eden space 32256K, 0% used [0x00000007af080000,0x00000007af080000,0x00000007b1000000)
  from space 4096K, 75% used [0x00000007b1080000,0x00000007b13851f0,0x00000007b1480000)
  to   space 4608K, 0% used [0x00000007b1480000,0x00000007b1480000,0x00000007b1900000)
 ParOldGen       total 165376K, used 56929K [0x000000070d200000, 0x0000000717380000, 0x00000007af080000)
  object space 165376K, 34% used [0x000000070d200000,0x00000007109984e0,0x0000000717380000)
 PSPermGen       total 21504K, used 18786K [0x0000000708000000, 0x0000000709500000, 0x000000070d200000)
  object space 21504K, 87% used [0x0000000708000000,0x0000000709258ad8,0x0000000709500000)
}
Event: 4327,728 GC heap before
{Heap before GC invocations=48 (full 0):
 PSYoungGen      total 36352K, used 35348K [0x00000007af080000, 0x00000007b1900000, 0x0000000800000000)
  eden space 32256K, 100% used [0x00000007af080000,0x00000007b1000000,0x00000007b1000000)
  from space 4096K, 75% used [0x00000007b1080000,0x00000007b13851f0,0x00000007b1480000)
  to   space 4608K, 0% used [0x00000007b1480000,0x00000007b1480000,0x00000007b1900000)
 ParOldGen       total 165376K, used 56929K [0x000000070d200000, 0x0000000717380000, 0x00000007af080000)
  object space 165376K, 34% used [0x000000070d200000,0x0000000710998500,0x0000000717380000)
 PSPermGen       total 21504K, used 18787K [0x0000000708000000, 0x0000000709500000, 0x000000070d200000)
  object space 21504K, 87% used [0x0000000708000000,0x0000000709258d68,0x0000000709500000)
Event: 4327,732 GC heap after
Heap after GC invocations=48 (full 0):
 PSYoungGen      total 35840K, used 224K [0x00000007af080000, 0x00000007b1880000, 0x0000000800000000)
  eden space 31744K, 0% used [0x00000007af080000,0x00000007af080000,0x00000007b0f80000)
  from space 4096K, 5% used [0x00000007b1480000,0x00000007b14b8000,0x00000007b1880000)
  to   space 4608K, 0% used [0x00000007b0f80000,0x00000007b0f80000,0x00000007b1400000)
 ParOldGen       total 165376K, used 59370K [0x000000070d200000, 0x0000000717380000, 0x00000007af080000)
  object space 165376K, 35% used [0x000000070d200000,0x0000000710bfabc0,0x0000000717380000)
 PSPermGen       total 21504K, used 18787K [0x0000000708000000, 0x0000000709500000, 0x000000070d200000)
  object space 21504K, 87% used [0x0000000708000000,0x0000000709258d68,0x0000000709500000)
}
Event: 4329,349 GC heap before
{Heap before GC invocations=49 (full 0):
 PSYoungGen      total 35840K, used 31968K [0x00000007af080000, 0x00000007b1880000, 0x0000000800000000)
  eden space 31744K, 100% used [0x00000007af080000,0x00000007b0f80000,0x00000007b0f80000)
  from space 4096K, 5% used [0x00000007b1480000,0x00000007b14b8000,0x00000007b1880000)
  to   space 4608K, 0% used [0x00000007b0f80000,0x00000007b0f80000,0x00000007b1400000)
 ParOldGen       total 165376K, used 59375K [0x000000070d200000, 0x0000000717380000, 0x00000007af080000)
  object space 165376K, 35% used [0x000000070d200000,0x0000000710bfbc48,0x0000000717380000)
 PSPermGen       total 21504K, used 18787K [0x0000000708000000, 0x0000000709500000, 0x000000070d200000)
  object space 21504K, 87% used [0x0000000708000000,0x0000000709258e20,0x0000000709500000)
Event: 4329,353 GC heap after
Heap after GC invocations=49 (full 0):
 PSYoungGen      total 31744K, used 160K [0x00000007af080000, 0x00000007b1700000, 0x0000000800000000)
  eden space 31232K, 0% used [0x00000007af080000,0x00000007af080000,0x00000007b0f00000)
  from space 512K, 31% used [0x00000007b0f80000,0x00000007b0fa8000,0x00000007b1000000)
  to   space 4096K, 0% used [0x00000007b1300000,0x00000007b1300000,0x00000007b1700000)
 ParOldGen       total 165376K, used 59407K [0x000000070d200000, 0x0000000717380000, 0x00000007af080000)
  object space 165376K, 35% used [0x000000070d200000,0x0000000710c03c48,0x0000000717380000)
 PSPermGen       total 21504K, used 18787K [0x0000000708000000, 0x0000000709500000, 0x000000070d200000)
  object space 21504K, 87% used [0x0000000708000000,0x0000000709258e20,0x0000000709500000)
}
Event: 4345,183 GC heap before
{Heap before GC invocations=50 (full 0):
 PSYoungGen      total 31744K, used 27890K [0x00000007af080000, 0x00000007b1700000, 0x0000000800000000)
  eden space 31232K, 88% used [0x00000007af080000,0x00000007b0b94a10,0x00000007b0f00000)
  from space 512K, 31% used [0x00000007b0f80000,0x00000007b0fa8000,0x00000007b1000000)
  to   space 4096K, 0% used [0x00000007b1300000,0x00000007b1300000,0x00000007b1700000)
 ParOldGen       total 165376K, used 59407K [0x000000070d200000, 0x0000000717380000, 0x00000007af080000)
  object space 165376K, 35% used [0x000000070d200000,0x0000000710c03c48,0x0000000717380000)
 PSPermGen       total 21504K, used 18787K [0x0000000708000000, 0x0000000709500000, 0x000000070d200000)
  object space 21504K, 87% used [0x0000000708000000,0x0000000709258e20,0x0000000709500000)
Event: 4345,217 GC heap after
Heap after GC invocations=50 (full 0):
 PSYoungGen      total 34304K, used 551K [0x00000007af080000, 0x00000007b1680000, 0x0000000800000000)
  eden space 30720K, 0% used [0x00000007af080000,0x00000007af080000,0x00000007b0e80000)
  from space 3584K, 15% used [0x00000007b1300000,0x00000007b1389ca0,0x00000007b1680000)
  to   space 4096K, 0% used [0x00000007b0e80000,0x00000007b0e80000,0x00000007b1280000)
 ParOldGen       total 165376K, used 82510K [0x000000070d200000, 0x0000000717380000, 0x00000007af080000)
  object space 165376K, 49% used [0x000000070d200000,0x00000007122939f8,0x0000000717380000)
 PSPermGen       total 21504K, used 18787K [0x0000000708000000, 0x0000000709500000, 0x000000070d200000)
  object space 21504K, 87% used [0x0000000708000000,0x0000000709258e20,0x0000000709500000)
}
Event: 4349,578 GC heap before
{Heap before GC invocations=51 (full 0):
 PSYoungGen      total 34304K, used 31271K [0x00000007af080000, 0x00000007b1680000, 0x0000000800000000)
  eden space 30720K, 100% used [0x00000007af080000,0x00000007b0e80000,0x00000007b0e80000)
  from space 3584K, 15% used [0x00000007b1300000,0x00000007b1389ca0,0x00000007b1680000)
  to   space 4096K, 0% used [0x00000007b0e80000,0x00000007b0e80000,0x00000007b1280000)
 ParOldGen       total 165376K, used 82568K [0x000000070d200000, 0x0000000717380000, 0x00000007af080000)
  object space 165376K, 49% used [0x000000070d200000,0x00000007122a2100,0x0000000717380000)
 PSPermGen       total 21504K, used 18789K [0x0000000708000000, 0x0000000709500000, 0x000000070d200000)
  object space 21504K, 87% used [0x0000000708000000,0x0000000709259628,0x0000000709500000)
Event: 4349,607 GC heap after
Heap after GC invocations=51 (full 0):
 PSYoungGen      total 34816K, used 3654K [0x00000007af080000, 0x00000007b1780000, 0x0000000800000000)
  eden space 30720K, 0% used [0x00000007af080000,0x00000007af080000,0x00000007b0e80000)
  from space 4096K, 89% used [0x00000007b0e80000,0x00000007b12118d8,0x00000007b1280000)
  to   space 4608K, 0% used [0x00000007b1300000,0x00000007b1300000,0x00000007b1780000)
 ParOldGen       total 165376K, used 124349K [0x000000070d200000, 0x0000000717380000, 0x00000007af080000)
  object space 165376K, 75% used [0x000000070d200000,0x0000000714b6f518,0x0000000717380000)
 PSPermGen       total 21504K, used 18789K [0x0000000708000000, 0x0000000709500000, 0x000000070d200000)
  object space 21504K, 87% used [0x0000000708000000,0x0000000709259628,0x0000000709500000)
}

