# JRE version: Java(TM) SE Runtime Environment (7.0_80-b15) (build 1.7.0_80-b15)
# Java VM: Java HotSpot(TM) 64-Bit Server VM (24.80-b11 mixed mode linux-amd64 compressed oops)
Heap
 PSYoungGen      total 26112K, used 1483K [0x00000007af080000, 0x00000007b1280000, 0x0000000800000000)
  eden space 20480K, 0% used [0x00000007af080000,0x00000007af080000,0x00000007b0480000)
  from space 5632K, 26% used [0x00000007b0480000,0x00000007b05f2df0,0x00000007b0a00000)
  to   space 5120K, 0% used [0x00000007b0d80000,0x00000007b0d80000,0x00000007b1280000)
 ParOldGen       total 159744K, used 157324K [0x000000070d200000, 0x0000000716e00000, 0x00000007af080000)
  object space 159744K, 98% used [0x000000070d200000,0x0000000716ba30a8,0x0000000716e00000)
 PSPermGen       total 42496K, used 19340K [0x0000000708000000, 0x000000070a980000, 0x000000070d200000)
  object space 42496K, 45% used [0x0000000708000000,0x00000007092e33e8,0x000000070a980000)
GC Heap History (10 events):
Event: 3453,080 GC heap after
Heap after GC invocations=419 (full 2):
 PSYoungGen      total 17408K, used 192K [0x00000007af080000, 0x00000007b0d00000, 0x0000000800000000)
  eden space 16896K, 0% used [0x00000007af080000,0x00000007af080000,0x00000007b0100000)
  from space 512K, 37% used [0x00000007b0100000,0x00000007b0130290,0x00000007b0180000)
  to   space 6144K, 0% used [0x00000007b0700000,0x00000007b0700000,0x00000007b0d00000)
 ParOldGen       total 136704K, used 134654K [0x000000070d200000, 0x0000000715780000, 0x00000007af080000)
  object space 136704K, 98% used [0x000000070d200000,0x000000071557f8a8,0x0000000715780000)
 PSPermGen       total 42496K, used 19340K [0x0000000708000000, 0x000000070a980000, 0x000000070d200000)
  object space 42496K, 45% used [0x0000000708000000,0x00000007092e3218,0x000000070a980000)
}
Event: 3454,308 GC heap before
{Heap before GC invocations=420 (full 2):
 PSYoungGen      total 17408K, used 17088K [0x00000007af080000, 0x00000007b0d00000, 0x0000000800000000)
  eden space 16896K, 100% used [0x00000007af080000,0x00000007b0100000,0x00000007b0100000)
  from space 512K, 37% used [0x00000007b0100000,0x00000007b0130290,0x00000007b0180000)
  to   space 6144K, 0% used [0x00000007b0700000,0x00000007b0700000,0x00000007b0d00000)
 ParOldGen       total 136704K, used 134734K [0x000000070d200000, 0x0000000715780000, 0x00000007af080000)
  object space 136704K, 98% used [0x000000070d200000,0x0000000715593850,0x0000000715780000)
 PSPermGen       total 42496K, used 19340K [0x0000000708000000, 0x000000070a980000, 0x000000070d200000)
  object space 42496K, 45% used [0x0000000708000000,0x00000007092e3218,0x000000070a980000)
Event: 3454,313 GC heap after
Heap after GC invocations=420 (full 2):
 PSYoungGen      total 23040K, used 160K [0x00000007af080000, 0x00000007b0d00000, 0x0000000800000000)
  eden space 16896K, 0% used [0x00000007af080000,0x00000007af080000,0x00000007b0100000)
  from space 6144K, 2% used [0x00000007b0700000,0x00000007b0728000,0x00000007b0d00000)
  to   space 6144K, 0% used [0x00000007b0100000,0x00000007b0100000,0x00000007b0700000)
 ParOldGen       total 136704K, used 134822K [0x000000070d200000, 0x0000000715780000, 0x00000007af080000)
  object space 136704K, 98% used [0x000000070d200000,0x00000007155a9ae0,0x0000000715780000)
 PSPermGen       total 42496K, used 19340K [0x0000000708000000, 0x000000070a980000, 0x000000070d200000)
  object space 42496K, 45% used [0x0000000708000000,0x00000007092e3218,0x000000070a980000)
}
Event: 3454,313 GC heap before
{Heap before GC invocations=421 (full 2):
 PSYoungGen      total 23040K, used 352K [0x00000007af080000, 0x00000007b0d00000, 0x0000000800000000)
  eden space 16896K, 1% used [0x00000007af080000,0x00000007af0b0358,0x00000007b0100000)
  from space 6144K, 2% used [0x00000007b0700000,0x00000007b0728000,0x00000007b0d00000)
  to   space 6144K, 0% used [0x00000007b0100000,0x00000007b0100000,0x00000007b0700000)
 ParOldGen       total 136704K, used 134822K [0x000000070d200000, 0x0000000715780000, 0x00000007af080000)
  object space 136704K, 98% used [0x000000070d200000,0x00000007155a9ae0,0x0000000715780000)
 PSPermGen       total 42496K, used 19340K [0x0000000708000000, 0x000000070a980000, 0x000000070d200000)
  object space 42496K, 45% used [0x0000000708000000,0x00000007092e3218,0x000000070a980000)
Event: 3454,316 GC heap after
Heap after GC invocations=421 (full 2):
 PSYoungGen      total 23040K, used 32K [0x00000007af080000, 0x00000007b0f80000, 0x0000000800000000)
  eden space 16896K, 0% used [0x00000007af080000,0x00000007af080000,0x00000007b0100000)
  from space 6144K, 0% used [0x00000007b0100000,0x00000007b0108000,0x00000007b0700000)
  to   space 5632K, 0% used [0x00000007b0a00000,0x00000007b0a00000,0x00000007b0f80000)
 ParOldGen       total 136704K, used 134880K [0x000000070d200000, 0x0000000715780000, 0x00000007af080000)
  object space 136704K, 98% used [0x000000070d200000,0x00000007155b8270,0x0000000715780000)
 PSPermGen       total 42496K, used 19340K [0x0000000708000000, 0x000000070a980000, 0x000000070d200000)
  object space 42496K, 45% used [0x0000000708000000,0x00000007092e3218,0x000000070a980000)
}
Event: 3543,831 GC heap before
{Heap before GC invocations=422 (full 2):
 PSYoungGen      total 23040K, used 12404K [0x00000007af080000, 0x00000007b0f80000, 0x0000000800000000)
  eden space 16896K, 73% used [0x00000007af080000,0x00000007afc95078,0x00000007b0100000)
  from space 6144K, 0% used [0x00000007b0100000,0x00000007b0108000,0x00000007b0700000)
  to   space 5632K, 0% used [0x00000007b0a00000,0x00000007b0a00000,0x00000007b0f80000)
 ParOldGen       total 136704K, used 134880K [0x000000070d200000, 0x0000000715780000, 0x00000007af080000)
  object space 136704K, 98% used [0x000000070d200000,0x00000007155b8270,0x0000000715780000)
 PSPermGen       total 42496K, used 19340K [0x0000000708000000, 0x000000070a980000, 0x000000070d200000)
  object space 42496K, 45% used [0x0000000708000000,0x00000007092e3218,0x000000070a980000)
Event: 3543,834 GC heap after
Heap after GC invocations=422 (full 2):
 PSYoungGen      total 26112K, used 193K [0x00000007af080000, 0x00000007b0f80000, 0x0000000800000000)
  eden space 20480K, 0% used [0x00000007af080000,0x00000007af080000,0x00000007b0480000)
  from space 5632K, 3% used [0x00000007b0a00000,0x00000007b0a30520,0x00000007b0f80000)
  to   space 5632K, 0% used [0x00000007b0480000,0x00000007b0480000,0x00000007b0a00000)
 ParOldGen       total 136704K, used 134880K [0x000000070d200000, 0x0000000715780000, 0x00000007af080000)
  object space 136704K, 98% used [0x000000070d200000,0x00000007155b8270,0x0000000715780000)
 PSPermGen       total 42496K, used 19340K [0x0000000708000000, 0x000000070a980000, 0x000000070d200000)
  object space 42496K, 45% used [0x0000000708000000,0x00000007092e3218,0x000000070a980000)
}
Event: 3603,160 GC heap before
{Heap before GC invocations=423 (full 2):
 PSYoungGen      total 26112K, used 20673K [0x00000007af080000, 0x00000007b0f80000, 0x0000000800000000)
  eden space 20480K, 100% used [0x00000007af080000,0x00000007b0480000,0x00000007b0480000)
  from space 5632K, 3% used [0x00000007b0a00000,0x00000007b0a30520,0x00000007b0f80000)
  to   space 5632K, 0% used [0x00000007b0480000,0x00000007b0480000,0x00000007b0a00000)
 ParOldGen       total 136704K, used 134880K [0x000000070d200000, 0x0000000715780000, 0x00000007af080000)
  object space 136704K, 98% used [0x000000070d200000,0x00000007155b8270,0x0000000715780000)
 PSPermGen       total 42496K, used 19340K [0x0000000708000000, 0x000000070a980000, 0x000000070d200000)
  object space 42496K, 45% used [0x0000000708000000,0x00000007092e33e8,0x000000070a980000)
Event: 3603,170 GC heap after
Heap after GC invocations=423 (full 2):
 PSYoungGen      total 26112K, used 1483K [0x00000007af080000, 0x00000007b1280000, 0x0000000800000000)
  eden space 20480K, 0% used [0x00000007af080000,0x00000007af080000,0x00000007b0480000)
  from space 5632K, 26% used [0x00000007b0480000,0x00000007b05f2df0,0x00000007b0a00000)
  to   space 5120K, 0% used [0x00000007b0d80000,0x00000007b0d80000,0x00000007b1280000)
 ParOldGen       total 159744K, used 157324K [0x000000070d200000, 0x0000000716e00000, 0x00000007af080000)
  object space 159744K, 98% used [0x000000070d200000,0x0000000716ba30a8,0x0000000716e00000)
 PSPermGen       total 42496K, used 19340K [0x0000000708000000, 0x000000070a980000, 0x000000070d200000)
  object space 42496K, 45% used [0x0000000708000000,0x00000007092e33e8,0x000000070a980000)
}
Event: 3603,170 GC heap before
{Heap before GC invocations=424 (full 3):
 PSYoungGen      total 26112K, used 1483K [0x00000007af080000, 0x00000007b1280000, 0x0000000800000000)
  eden space 20480K, 0% used [0x00000007af080000,0x00000007af080000,0x00000007b0480000)
  from space 5632K, 26% used [0x00000007b0480000,0x00000007b05f2df0,0x00000007b0a00000)
  to   space 5120K, 0% used [0x00000007b0d80000,0x00000007b0d80000,0x00000007b1280000)
 ParOldGen       total 159744K, used 157324K [0x000000070d200000, 0x0000000716e00000, 0x00000007af080000)
  object space 159744K, 98% used [0x000000070d200000,0x0000000716ba30a8,0x0000000716e00000)
 PSPermGen       total 42496K, used 19340K [0x0000000708000000, 0x000000070a980000, 0x000000070d200000)
  object space 42496K, 45% used [0x0000000708000000,0x00000007092e33e8,0x000000070a980000)

