# JRE version: Java(TM) SE Runtime Environment (7.0_80-b15) (build 1.7.0_80-b15)
# Java VM: Java HotSpot(TM) 64-Bit Server VM (24.80-b11 mixed mode linux-amd64 compressed oops)
Heap
 PSYoungGen      total 51200K, used 1668K [0x00000007af080000, 0x00000007b2d00000, 0x0000000800000000)
  eden space 49152K, 0% used [0x00000007af080000,0x00000007af080000,0x00000007b2080000)
  from space 2048K, 81% used [0x00000007b2900000,0x00000007b2aa1190,0x00000007b2b00000)
  to   space 2048K, 0% used [0x00000007b2b00000,0x00000007b2b00000,0x00000007b2d00000)
 ParOldGen       total 165376K, used 161895K [0x000000070d200000, 0x0000000717380000, 0x00000007af080000)
  object space 165376K, 97% used [0x000000070d200000,0x0000000717019d78,0x0000000717380000)
 PSPermGen       total 21504K, used 19732K [0x0000000708000000, 0x0000000709500000, 0x000000070d200000)
  object space 21504K, 91% used [0x0000000708000000,0x0000000709345128,0x0000000709500000)
GC Heap History (10 events):
Event: 492,604 GC heap after
Heap after GC invocations=61 (full 0):
 PSYoungGen      total 55296K, used 339K [0x00000007af080000, 0x00000007b3000000, 0x0000000800000000)
  eden space 53248K, 0% used [0x00000007af080000,0x00000007af080000,0x00000007b2480000)
  from space 2048K, 16% used [0x00000007b2c00000,0x00000007b2c54fd8,0x00000007b2e00000)
  to   space 2048K, 0% used [0x00000007b2e00000,0x00000007b2e00000,0x00000007b3000000)
 ParOldGen       total 165376K, used 139362K [0x000000070d200000, 0x0000000717380000, 0x00000007af080000)
  object space 165376K, 84% used [0x000000070d200000,0x0000000715a18840,0x0000000717380000)
 PSPermGen       total 21504K, used 19720K [0x0000000708000000, 0x0000000709500000, 0x000000070d200000)
  object space 21504K, 91% used [0x0000000708000000,0x00000007093422c0,0x0000000709500000)
}
Event: 496,308 GC heap before
{Heap before GC invocations=62 (full 0):
 PSYoungGen      total 55296K, used 53587K [0x00000007af080000, 0x00000007b3000000, 0x0000000800000000)
  eden space 53248K, 100% used [0x00000007af080000,0x00000007b2480000,0x00000007b2480000)
  from space 2048K, 16% used [0x00000007b2c00000,0x00000007b2c54fd8,0x00000007b2e00000)
  to   space 2048K, 0% used [0x00000007b2e00000,0x00000007b2e00000,0x00000007b3000000)
 ParOldGen       total 165376K, used 139363K [0x000000070d200000, 0x0000000717380000, 0x00000007af080000)
  object space 165376K, 84% used [0x000000070d200000,0x0000000715a18e98,0x0000000717380000)
 PSPermGen       total 21504K, used 19720K [0x0000000708000000, 0x0000000709500000, 0x000000070d200000)
  object space 21504K, 91% used [0x0000000708000000,0x00000007093422c0,0x0000000709500000)
Event: 496,312 GC heap after
Heap after GC invocations=62 (full 0):
 PSYoungGen      total 52736K, used 224K [0x00000007af080000, 0x00000007b2e80000, 0x0000000800000000)
  eden space 52224K, 0% used [0x00000007af080000,0x00000007af080000,0x00000007b2380000)
  from space 512K, 43% used [0x00000007b2e00000,0x00000007b2e38000,0x00000007b2e80000)
  to   space 2048K, 0% used [0x00000007b2a80000,0x00000007b2a80000,0x00000007b2c80000)
 ParOldGen       total 165376K, used 139403K [0x000000070d200000, 0x0000000717380000, 0x00000007af080000)
  object space 165376K, 84% used [0x000000070d200000,0x0000000715a22e98,0x0000000717380000)
 PSPermGen       total 21504K, used 19720K [0x0000000708000000, 0x0000000709500000, 0x000000070d200000)
  object space 21504K, 91% used [0x0000000708000000,0x00000007093422c0,0x0000000709500000)
}
Event: 500,001 GC heap before
{Heap before GC invocations=63 (full 0):
 PSYoungGen      total 52736K, used 52448K [0x00000007af080000, 0x00000007b2e80000, 0x0000000800000000)
  eden space 52224K, 100% used [0x00000007af080000,0x00000007b2380000,0x00000007b2380000)
  from space 512K, 43% used [0x00000007b2e00000,0x00000007b2e38000,0x00000007b2e80000)
  to   space 2048K, 0% used [0x00000007b2a80000,0x00000007b2a80000,0x00000007b2c80000)
 ParOldGen       total 165376K, used 139406K [0x000000070d200000, 0x0000000717380000, 0x00000007af080000)
  object space 165376K, 84% used [0x000000070d200000,0x0000000715a239b8,0x0000000717380000)
 PSPermGen       total 21504K, used 19720K [0x0000000708000000, 0x0000000709500000, 0x000000070d200000)
  object space 21504K, 91% used [0x0000000708000000,0x00000007093422c0,0x0000000709500000)
Event: 500,004 GC heap after
Heap after GC invocations=63 (full 0):
 PSYoungGen      total 53248K, used 288K [0x00000007af080000, 0x00000007b2e80000, 0x0000000800000000)
  eden space 51200K, 0% used [0x00000007af080000,0x00000007af080000,0x00000007b2280000)
  from space 2048K, 14% used [0x00000007b2a80000,0x00000007b2ac8000,0x00000007b2c80000)
  to   space 2048K, 0% used [0x00000007b2c80000,0x00000007b2c80000,0x00000007b2e80000)
 ParOldGen       total 165376K, used 139462K [0x000000070d200000, 0x0000000717380000, 0x00000007af080000)
  object space 165376K, 84% used [0x000000070d200000,0x0000000715a319b8,0x0000000717380000)
 PSPermGen       total 21504K, used 19720K [0x0000000708000000, 0x0000000709500000, 0x000000070d200000)
  object space 21504K, 91% used [0x0000000708000000,0x00000007093422c0,0x0000000709500000)
}
Event: 503,526 GC heap before
{Heap before GC invocations=64 (full 0):
 PSYoungGen      total 53248K, used 51488K [0x00000007af080000, 0x00000007b2e80000, 0x0000000800000000)
  eden space 51200K, 100% used [0x00000007af080000,0x00000007b2280000,0x00000007b2280000)
  from space 2048K, 14% used [0x00000007b2a80000,0x00000007b2ac8000,0x00000007b2c80000)
  to   space 2048K, 0% used [0x00000007b2c80000,0x00000007b2c80000,0x00000007b2e80000)
 ParOldGen       total 165376K, used 139477K [0x000000070d200000, 0x0000000717380000, 0x00000007af080000)
  object space 165376K, 84% used [0x000000070d200000,0x0000000715a354f8,0x0000000717380000)
 PSPermGen       total 21504K, used 19720K [0x0000000708000000, 0x0000000709500000, 0x000000070d200000)
  object space 21504K, 91% used [0x0000000708000000,0x00000007093422c0,0x0000000709500000)
Event: 503,529 GC heap after
Heap after GC invocations=64 (full 0):
 PSYoungGen      total 50688K, used 288K [0x00000007af080000, 0x00000007b2d00000, 0x0000000800000000)
  eden space 50176K, 0% used [0x00000007af080000,0x00000007af080000,0x00000007b2180000)
  from space 512K, 56% used [0x00000007b2c80000,0x00000007b2cc8000,0x00000007b2d00000)
  to   space 2048K, 0% used [0x00000007b2900000,0x00000007b2900000,0x00000007b2b00000)
 ParOldGen       total 165376K, used 139533K [0x000000070d200000, 0x0000000717380000, 0x00000007af080000)
  object space 165376K, 84% used [0x000000070d200000,0x0000000715a434f8,0x0000000717380000)
 PSPermGen       total 21504K, used 19720K [0x0000000708000000, 0x0000000709500000, 0x000000070d200000)
  object space 21504K, 91% used [0x0000000708000000,0x00000007093422c0,0x0000000709500000)
}
Event: 539,244 GC heap before
{Heap before GC invocations=65 (full 0):
 PSYoungGen      total 50688K, used 50464K [0x00000007af080000, 0x00000007b2d00000, 0x0000000800000000)
  eden space 50176K, 100% used [0x00000007af080000,0x00000007b2180000,0x00000007b2180000)
  from space 512K, 56% used [0x00000007b2c80000,0x00000007b2cc8000,0x00000007b2d00000)
  to   space 2048K, 0% used [0x00000007b2900000,0x00000007b2900000,0x00000007b2b00000)
 ParOldGen       total 165376K, used 139545K [0x000000070d200000, 0x0000000717380000, 0x00000007af080000)
  object space 165376K, 84% used [0x000000070d200000,0x0000000715a46478,0x0000000717380000)
 PSPermGen       total 21504K, used 19732K [0x0000000708000000, 0x0000000709500000, 0x000000070d200000)
  object space 21504K, 91% used [0x0000000708000000,0x0000000709345128,0x0000000709500000)
Event: 539,251 GC heap after
Heap after GC invocations=65 (full 0):
 PSYoungGen      total 51200K, used 1668K [0x00000007af080000, 0x00000007b2d00000, 0x0000000800000000)
  eden space 49152K, 0% used [0x00000007af080000,0x00000007af080000,0x00000007b2080000)
  from space 2048K, 81% used [0x00000007b2900000,0x00000007b2aa1190,0x00000007b2b00000)
  to   space 2048K, 0% used [0x00000007b2b00000,0x00000007b2b00000,0x00000007b2d00000)
 ParOldGen       total 165376K, used 161895K [0x000000070d200000, 0x0000000717380000, 0x00000007af080000)
  object space 165376K, 97% used [0x000000070d200000,0x0000000717019d78,0x0000000717380000)
 PSPermGen       total 21504K, used 19732K [0x0000000708000000, 0x0000000709500000, 0x000000070d200000)
  object space 21504K, 91% used [0x0000000708000000,0x0000000709345128,0x0000000709500000)
}
Event: 539,251 GC heap before
{Heap before GC invocations=66 (full 1):
 PSYoungGen      total 51200K, used 1668K [0x00000007af080000, 0x00000007b2d00000, 0x0000000800000000)
  eden space 49152K, 0% used [0x00000007af080000,0x00000007af080000,0x00000007b2080000)
  from space 2048K, 81% used [0x00000007b2900000,0x00000007b2aa1190,0x00000007b2b00000)
  to   space 2048K, 0% used [0x00000007b2b00000,0x00000007b2b00000,0x00000007b2d00000)
 ParOldGen       total 165376K, used 161895K [0x000000070d200000, 0x0000000717380000, 0x00000007af080000)
  object space 165376K, 97% used [0x000000070d200000,0x0000000717019d78,0x0000000717380000)
 PSPermGen       total 21504K, used 19732K [0x0000000708000000, 0x0000000709500000, 0x000000070d200000)
  object space 21504K, 91% used [0x0000000708000000,0x0000000709345128,0x0000000709500000)

