# JRE version: Java(TM) SE Runtime Environment (7.0_80-b15) (build 1.7.0_80-b15)
# Java VM: Java HotSpot(TM) 64-Bit Server VM (24.80-b11 mixed mode linux-amd64 compressed oops)
Heap
 PSYoungGen      total 105472K, used 35453K [0x00000007af080000, 0x00000007b8b00000, 0x0000000800000000)
  eden space 57856K, 46% used [0x00000007af080000,0x00000007b0a85278,0x00000007b2900000)
  from space 47616K, 18% used [0x00000007b5c80000,0x00000007b651a238,0x00000007b8b00000)
  to   space 50176K, 0% used [0x00000007b2900000,0x00000007b2900000,0x00000007b5a00000)
 ParOldGen       total 165376K, used 79779K [0x000000070d200000, 0x0000000717380000, 0x00000007af080000)
  object space 165376K, 48% used [0x000000070d200000,0x0000000711fe8eb8,0x0000000717380000)
 PSPermGen       total 21504K, used 18157K [0x0000000708000000, 0x0000000709500000, 0x000000070d200000)
  object space 21504K, 84% used [0x0000000708000000,0x00000007091bb710,0x0000000709500000)
GC Heap History (10 events):
Event: 22,534 GC heap before
{Heap before GC invocations=4 (full 0):
 PSYoungGen      total 72704K, used 72696K [0x00000007af080000, 0x00000007b4180000, 0x0000000800000000)
  eden space 62464K, 100% used [0x00000007af080000,0x00000007b2d80000,0x00000007b2d80000)
  from space 10240K, 99% used [0x00000007b2d80000,0x00000007b377e258,0x00000007b3780000)
  to   space 10240K, 0% used [0x00000007b3780000,0x00000007b3780000,0x00000007b4180000)
 ParOldGen       total 165376K, used 10803K [0x000000070d200000, 0x0000000717380000, 0x00000007af080000)
  object space 165376K, 6% used [0x000000070d200000,0x000000070dc8ce00,0x0000000717380000)
 PSPermGen       total 21504K, used 18010K [0x0000000708000000, 0x0000000709500000, 0x000000070d200000)
  object space 21504K, 83% used [0x0000000708000000,0x0000000709196b50,0x0000000709500000)
Event: 22,541 GC heap after
Heap after GC invocations=4 (full 0):
 PSYoungGen      total 72704K, used 10235K [0x00000007af080000, 0x00000007b4180000, 0x0000000800000000)
  eden space 62464K, 0% used [0x00000007af080000,0x00000007af080000,0x00000007b2d80000)
  from space 10240K, 99% used [0x00000007b3780000,0x00000007b417ed78,0x00000007b4180000)
  to   space 10240K, 0% used [0x00000007b2d80000,0x00000007b2d80000,0x00000007b3780000)
 ParOldGen       total 165376K, used 10875K [0x000000070d200000, 0x0000000717380000, 0x00000007af080000)
  object space 165376K, 6% used [0x000000070d200000,0x000000070dc9ee00,0x0000000717380000)
 PSPermGen       total 21504K, used 18010K [0x0000000708000000, 0x0000000709500000, 0x000000070d200000)
  object space 21504K, 83% used [0x0000000708000000,0x0000000709196b50,0x0000000709500000)
}
Event: 28,915 GC heap before
{Heap before GC invocations=5 (full 0):
 PSYoungGen      total 72704K, used 72699K [0x00000007af080000, 0x00000007b4180000, 0x0000000800000000)
  eden space 62464K, 100% used [0x00000007af080000,0x00000007b2d80000,0x00000007b2d80000)
  from space 10240K, 99% used [0x00000007b3780000,0x00000007b417ed78,0x00000007b4180000)
  to   space 10240K, 0% used [0x00000007b2d80000,0x00000007b2d80000,0x00000007b3780000)
 ParOldGen       total 165376K, used 15830K [0x000000070d200000, 0x0000000717380000, 0x00000007af080000)
  object space 165376K, 9% used [0x000000070d200000,0x000000070e175bd8,0x0000000717380000)
 PSPermGen       total 21504K, used 18038K [0x0000000708000000, 0x0000000709500000, 0x000000070d200000)
  object space 21504K, 83% used [0x0000000708000000,0x000000070919db30,0x0000000709500000)
Event: 28,935 GC heap after
Heap after GC invocations=5 (full 0):
 PSYoungGen      total 71168K, used 10234K [0x00000007af080000, 0x00000007b9b00000, 0x0000000800000000)
  eden space 60928K, 0% used [0x00000007af080000,0x00000007af080000,0x00000007b2c00000)
  from space 10240K, 99% used [0x00000007b2d80000,0x00000007b377e968,0x00000007b3780000)
  to   space 56832K, 0% used [0x00000007b6380000,0x00000007b6380000,0x00000007b9b00000)
 ParOldGen       total 165376K, used 75497K [0x000000070d200000, 0x0000000717380000, 0x00000007af080000)
  object space 165376K, 45% used [0x000000070d200000,0x0000000711bba5b8,0x0000000717380000)
 PSPermGen       total 21504K, used 18038K [0x0000000708000000, 0x0000000709500000, 0x000000070d200000)
  object space 21504K, 83% used [0x0000000708000000,0x000000070919db30,0x0000000709500000)
}
Event: 32,049 GC heap before
{Heap before GC invocations=6 (full 0):
 PSYoungGen      total 71168K, used 71162K [0x00000007af080000, 0x00000007b9b00000, 0x0000000800000000)
  eden space 60928K, 100% used [0x00000007af080000,0x00000007b2c00000,0x00000007b2c00000)
  from space 10240K, 99% used [0x00000007b2d80000,0x00000007b377e968,0x00000007b3780000)
  to   space 56832K, 0% used [0x00000007b6380000,0x00000007b6380000,0x00000007b9b00000)
 ParOldGen       total 165376K, used 75497K [0x000000070d200000, 0x0000000717380000, 0x00000007af080000)
  object space 165376K, 45% used [0x000000070d200000,0x0000000711bba5d8,0x0000000717380000)
 PSPermGen       total 21504K, used 18075K [0x0000000708000000, 0x0000000709500000, 0x000000070d200000)
  object space 21504K, 84% used [0x0000000708000000,0x00000007091a6e38,0x0000000709500000)
Event: 32,059 GC heap after
Heap after GC invocations=6 (full 0):
 PSYoungGen      total 111616K, used 10020K [0x00000007af080000, 0x00000007b9600000, 0x0000000800000000)
  eden space 59904K, 0% used [0x00000007af080000,0x00000007af080000,0x00000007b2b00000)
  from space 51712K, 19% used [0x00000007b6380000,0x00000007b6d49378,0x00000007b9600000)
  to   space 54784K, 0% used [0x00000007b2b00000,0x00000007b2b00000,0x00000007b6080000)
 ParOldGen       total 165376K, used 75681K [0x000000070d200000, 0x0000000717380000, 0x00000007af080000)
  object space 165376K, 45% used [0x000000070d200000,0x0000000711be8668,0x0000000717380000)
 PSPermGen       total 21504K, used 18075K [0x0000000708000000, 0x0000000709500000, 0x000000070d200000)
  object space 21504K, 84% used [0x0000000708000000,0x00000007091a6e38,0x0000000709500000)
}
Event: 35,194 GC heap before
{Heap before GC invocations=7 (full 0):
 PSYoungGen      total 111616K, used 69924K [0x00000007af080000, 0x00000007b9600000, 0x0000000800000000)
  eden space 59904K, 100% used [0x00000007af080000,0x00000007b2b00000,0x00000007b2b00000)
  from space 51712K, 19% used [0x00000007b6380000,0x00000007b6d49378,0x00000007b9600000)
  to   space 54784K, 0% used [0x00000007b2b00000,0x00000007b2b00000,0x00000007b6080000)
 ParOldGen       total 165376K, used 75686K [0x000000070d200000, 0x0000000717380000, 0x00000007af080000)
  object space 165376K, 45% used [0x000000070d200000,0x0000000711be9928,0x0000000717380000)
 PSPermGen       total 21504K, used 18093K [0x0000000708000000, 0x0000000709500000, 0x000000070d200000)
  object space 21504K, 84% used [0x0000000708000000,0x00000007091ab710,0x0000000709500000)
Event: 35,205 GC heap after
Heap after GC invocations=7 (full 0):
 PSYoungGen      total 71680K, used 12399K [0x00000007af080000, 0x00000007b8f00000, 0x0000000800000000)
  eden space 58880K, 0% used [0x00000007af080000,0x00000007af080000,0x00000007b2a00000)
  from space 12800K, 96% used [0x00000007b2b00000,0x00000007b371bcd8,0x00000007b3780000)
  to   space 51712K, 0% used [0x00000007b5c80000,0x00000007b5c80000,0x00000007b8f00000)
 ParOldGen       total 165376K, used 79127K [0x000000070d200000, 0x0000000717380000, 0x00000007af080000)
  object space 165376K, 47% used [0x000000070d200000,0x0000000711f45ce8,0x0000000717380000)
 PSPermGen       total 21504K, used 18093K [0x0000000708000000, 0x0000000709500000, 0x000000070d200000)
  object space 21504K, 84% used [0x0000000708000000,0x00000007091ab710,0x0000000709500000)
}
Event: 43,075 GC heap before
{Heap before GC invocations=8 (full 0):
 PSYoungGen      total 71680K, used 71279K [0x00000007af080000, 0x00000007b8f00000, 0x0000000800000000)
  eden space 58880K, 100% used [0x00000007af080000,0x00000007b2a00000,0x00000007b2a00000)
  from space 12800K, 96% used [0x00000007b2b00000,0x00000007b371bcd8,0x00000007b3780000)
  to   space 51712K, 0% used [0x00000007b5c80000,0x00000007b5c80000,0x00000007b8f00000)
 ParOldGen       total 165376K, used 79127K [0x000000070d200000, 0x0000000717380000, 0x00000007af080000)
  object space 165376K, 47% used [0x000000070d200000,0x0000000711f45e00,0x0000000717380000)
 PSPermGen       total 21504K, used 18151K [0x0000000708000000, 0x0000000709500000, 0x000000070d200000)
  object space 21504K, 84% used [0x0000000708000000,0x00000007091b9d20,0x0000000709500000)
Event: 43,085 GC heap after
Heap after GC invocations=8 (full 0):
 PSYoungGen      total 105472K, used 8808K [0x00000007af080000, 0x00000007b8b00000, 0x0000000800000000)
  eden space 57856K, 0% used [0x00000007af080000,0x00000007af080000,0x00000007b2900000)
  from space 47616K, 18% used [0x00000007b5c80000,0x00000007b651a238,0x00000007b8b00000)
  to   space 50176K, 0% used [0x00000007b2900000,0x00000007b2900000,0x00000007b5a00000)
 ParOldGen       total 165376K, used 79779K [0x000000070d200000, 0x0000000717380000, 0x00000007af080000)
  object space 165376K, 48% used [0x000000070d200000,0x0000000711fe8eb8,0x0000000717380000)
 PSPermGen       total 21504K, used 18151K [0x0000000708000000, 0x0000000709500000, 0x000000070d200000)
  object space 21504K, 84% used [0x0000000708000000,0x00000007091b9d20,0x0000000709500000)
}

