# JRE version: Java(TM) SE Runtime Environment (7.0_80-b15) (build 1.7.0_80-b15)
# Java VM: Java HotSpot(TM) 64-Bit Server VM (24.80-b11 mixed mode linux-amd64 compressed oops)
Heap
 PSYoungGen      total 147456K, used 116410K [0x00000007af080000, 0x00000007baa80000, 0x0000000800000000)
  eden space 115712K, 100% used [0x00000007af080000,0x00000007b6180000,0x00000007b6180000)
  from space 31744K, 2% used [0x00000007b8b80000,0x00000007b8c2ea90,0x00000007baa80000)
  to   space 37376K, 0% used [0x00000007b6180000,0x00000007b61a8000,0x00000007b8600000)
 ParOldGen       total 145920K, used 62909K [0x000000070d200000, 0x0000000716080000, 0x00000007af080000)
  object space 145920K, 43% used [0x000000070d200000,0x0000000710f6f788,0x0000000716080000)
 PSPermGen       total 36864K, used 18631K [0x0000000708000000, 0x000000070a400000, 0x000000070d200000)
  object space 36864K, 50% used [0x0000000708000000,0x0000000709231d98,0x000000070a400000)
GC Heap History (10 events):
Event: 161,657 GC heap after
Heap after GC invocations=21 (full 1):
 PSYoungGen      total 170496K, used 119K [0x00000007af080000, 0x00000007bc880000, 0x0000000800000000)
  eden space 131072K, 0% used [0x00000007af080000,0x00000007af080000,0x00000007b7080000)
  from space 39424K, 0% used [0x00000007ba200000,0x00000007ba21df78,0x00000007bc880000)
  to   space 45056K, 0% used [0x00000007b7080000,0x00000007b7080000,0x00000007b9c80000)
 ParOldGen       total 145920K, used 60797K [0x000000070d200000, 0x0000000716080000, 0x00000007af080000)
  object space 145920K, 41% used [0x000000070d200000,0x0000000710d5f630,0x0000000716080000)
 PSPermGen       total 36864K, used 18596K [0x0000000708000000, 0x000000070a400000, 0x000000070d200000)
  object space 36864K, 50% used [0x0000000708000000,0x0000000709229160,0x000000070a400000)
}
Event: 163,041 GC heap before
{Heap before GC invocations=22 (full 1):
 PSYoungGen      total 170496K, used 131191K [0x00000007af080000, 0x00000007bc880000, 0x0000000800000000)
  eden space 131072K, 100% used [0x00000007af080000,0x00000007b7080000,0x00000007b7080000)
  from space 39424K, 0% used [0x00000007ba200000,0x00000007ba21df78,0x00000007bc880000)
  to   space 45056K, 0% used [0x00000007b7080000,0x00000007b7080000,0x00000007b9c80000)
 ParOldGen       total 145920K, used 60941K [0x000000070d200000, 0x0000000716080000, 0x00000007af080000)
  object space 145920K, 41% used [0x000000070d200000,0x0000000710d83550,0x0000000716080000)
 PSPermGen       total 36864K, used 18604K [0x0000000708000000, 0x000000070a400000, 0x000000070d200000)
  object space 36864K, 50% used [0x0000000708000000,0x000000070922b0a8,0x000000070a400000)
Event: 163,044 GC heap after
Heap after GC invocations=22 (full 1):
 PSYoungGen      total 128000K, used 988K [0x00000007af080000, 0x00000007bc080000, 0x0000000800000000)
  eden space 126976K, 0% used [0x00000007af080000,0x00000007af080000,0x00000007b6c80000)
  from space 1024K, 96% used [0x00000007b7080000,0x00000007b71772e0,0x00000007b7180000)
  to   space 43008K, 0% used [0x00000007b9680000,0x00000007b9680000,0x00000007bc080000)
 ParOldGen       total 145920K, used 61021K [0x000000070d200000, 0x0000000716080000, 0x00000007af080000)
  object space 145920K, 41% used [0x000000070d200000,0x0000000710d974c8,0x0000000716080000)
 PSPermGen       total 36864K, used 18604K [0x0000000708000000, 0x000000070a400000, 0x000000070d200000)
  object space 36864K, 50% used [0x0000000708000000,0x000000070922b0a8,0x000000070a400000)
}
Event: 164,312 GC heap before
{Heap before GC invocations=23 (full 1):
 PSYoungGen      total 128000K, used 127964K [0x00000007af080000, 0x00000007bc080000, 0x0000000800000000)
  eden space 126976K, 100% used [0x00000007af080000,0x00000007b6c80000,0x00000007b6c80000)
  from space 1024K, 96% used [0x00000007b7080000,0x00000007b71772e0,0x00000007b7180000)
  to   space 43008K, 0% used [0x00000007b9680000,0x00000007b9680000,0x00000007bc080000)
 ParOldGen       total 145920K, used 61022K [0x000000070d200000, 0x0000000716080000, 0x00000007af080000)
  object space 145920K, 41% used [0x000000070d200000,0x0000000710d97a58,0x0000000716080000)
 PSPermGen       total 36864K, used 18609K [0x0000000708000000, 0x000000070a400000, 0x000000070d200000)
  object space 36864K, 50% used [0x0000000708000000,0x000000070922c4a8,0x000000070a400000)
Event: 164,315 GC heap after
Heap after GC invocations=23 (full 1):
 PSYoungGen      total 158720K, used 256K [0x00000007af080000, 0x00000007bb980000, 0x0000000800000000)
  eden space 122880K, 0% used [0x00000007af080000,0x00000007af080000,0x00000007b6880000)
  from space 35840K, 0% used [0x00000007b9680000,0x00000007b96c0000,0x00000007bb980000)
  to   space 41472K, 0% used [0x00000007b6880000,0x00000007b6880000,0x00000007b9100000)
 ParOldGen       total 145920K, used 61899K [0x000000070d200000, 0x0000000716080000, 0x00000007af080000)
  object space 145920K, 42% used [0x000000070d200000,0x0000000710e72cb0,0x0000000716080000)
 PSPermGen       total 36864K, used 18609K [0x0000000708000000, 0x000000070a400000, 0x000000070d200000)
  object space 36864K, 50% used [0x0000000708000000,0x000000070922c4a8,0x000000070a400000)
}
Event: 165,486 GC heap before
{Heap before GC invocations=24 (full 1):
 PSYoungGen      total 158720K, used 123136K [0x00000007af080000, 0x00000007bb980000, 0x0000000800000000)
  eden space 122880K, 100% used [0x00000007af080000,0x00000007b6880000,0x00000007b6880000)
  from space 35840K, 0% used [0x00000007b9680000,0x00000007b96c0000,0x00000007bb980000)
  to   space 41472K, 0% used [0x00000007b6880000,0x00000007b6880000,0x00000007b9100000)
 ParOldGen       total 145920K, used 61899K [0x000000070d200000, 0x0000000716080000, 0x00000007af080000)
  object space 145920K, 42% used [0x000000070d200000,0x0000000710e72cb0,0x0000000716080000)
 PSPermGen       total 36864K, used 18610K [0x0000000708000000, 0x000000070a400000, 0x000000070d200000)
  object space 36864K, 50% used [0x0000000708000000,0x000000070922c9d0,0x000000070a400000)
Event: 165,490 GC heap after
Heap after GC invocations=24 (full 1):
 PSYoungGen      total 119808K, used 160K [0x00000007af080000, 0x00000007bb200000, 0x0000000800000000)
  eden space 119296K, 0% used [0x00000007af080000,0x00000007af080000,0x00000007b6500000)
  from space 512K, 31% used [0x00000007b6880000,0x00000007b68a8000,0x00000007b6900000)
  to   space 39424K, 0% used [0x00000007b8b80000,0x00000007b8b80000,0x00000007bb200000)
 ParOldGen       total 145920K, used 61915K [0x000000070d200000, 0x0000000716080000, 0x00000007af080000)
  object space 145920K, 42% used [0x000000070d200000,0x0000000710e76cb0,0x0000000716080000)
 PSPermGen       total 36864K, used 18610K [0x0000000708000000, 0x000000070a400000, 0x000000070d200000)
  object space 36864K, 50% used [0x0000000708000000,0x000000070922c9d0,0x000000070a400000)
}
Event: 166,767 GC heap before
{Heap before GC invocations=25 (full 1):
 PSYoungGen      total 119808K, used 119456K [0x00000007af080000, 0x00000007bb200000, 0x0000000800000000)
  eden space 119296K, 100% used [0x00000007af080000,0x00000007b6500000,0x00000007b6500000)
  from space 512K, 31% used [0x00000007b6880000,0x00000007b68a8000,0x00000007b6900000)
  to   space 39424K, 0% used [0x00000007b8b80000,0x00000007b8b80000,0x00000007bb200000)
 ParOldGen       total 145920K, used 61917K [0x000000070d200000, 0x0000000716080000, 0x00000007af080000)
  object space 145920K, 42% used [0x000000070d200000,0x0000000710e774a8,0x0000000716080000)
 PSPermGen       total 36864K, used 18626K [0x0000000708000000, 0x000000070a400000, 0x000000070d200000)
  object space 36864K, 50% used [0x0000000708000000,0x0000000709230900,0x000000070a400000)
Event: 166,770 GC heap after
Heap after GC invocations=25 (full 1):
 PSYoungGen      total 147456K, used 698K [0x00000007af080000, 0x00000007baa80000, 0x0000000800000000)
  eden space 115712K, 0% used [0x00000007af080000,0x00000007af080000,0x00000007b6180000)
  from space 31744K, 2% used [0x00000007b8b80000,0x00000007b8c2ea90,0x00000007baa80000)
  to   space 37376K, 0% used [0x00000007b6180000,0x00000007b6180000,0x00000007b8600000)
 ParOldGen       total 145920K, used 61957K [0x000000070d200000, 0x0000000716080000, 0x00000007af080000)
  object space 145920K, 42% used [0x000000070d200000,0x0000000710e814a8,0x0000000716080000)
 PSPermGen       total 36864K, used 18626K [0x0000000708000000, 0x000000070a400000, 0x000000070d200000)
  object space 36864K, 50% used [0x0000000708000000,0x0000000709230900,0x000000070a400000)
}
Event: 167,957 GC heap before
{Heap before GC invocations=26 (full 1):
 PSYoungGen      total 147456K, used 116410K [0x00000007af080000, 0x00000007baa80000, 0x0000000800000000)
  eden space 115712K, 100% used [0x00000007af080000,0x00000007b6180000,0x00000007b6180000)
  from space 31744K, 2% used [0x00000007b8b80000,0x00000007b8c2ea90,0x00000007baa80000)
  to   space 37376K, 0% used [0x00000007b6180000,0x00000007b6180000,0x00000007b8600000)
 ParOldGen       total 145920K, used 62344K [0x000000070d200000, 0x0000000716080000, 0x00000007af080000)
  object space 145920K, 42% used [0x000000070d200000,0x0000000710ee2268,0x0000000716080000)
 PSPermGen       total 36864K, used 18631K [0x0000000708000000, 0x000000070a400000, 0x000000070d200000)
  object space 36864K, 50% used [0x0000000708000000,0x0000000709231d98,0x000000070a400000)

