# JRE version: Java(TM) SE Runtime Environment (7.0_80-b15) (build 1.7.0_80-b15)
# Java VM: Java HotSpot(TM) 64-Bit Server VM (24.80-b11 mixed mode linux-amd64 compressed oops)
Heap
 PSYoungGen      total 29184K, used 7620K [0x00000007af080000, 0x00000007b0e00000, 0x0000000800000000)
  eden space 28672K, 26% used [0x00000007af080000,0x00000007af7c9190,0x00000007b0c80000)
  from space 512K, 31% used [0x00000007b0d80000,0x00000007b0da8000,0x00000007b0e00000)
  to   space 512K, 0% used [0x00000007b0d00000,0x00000007b0d00000,0x00000007b0d80000)
 ParOldGen       total 96256K, used 48396K [0x000000070d200000, 0x0000000713000000, 0x00000007af080000)
  object space 96256K, 50% used [0x000000070d200000,0x0000000710143208,0x0000000713000000)
 PSPermGen       total 42496K, used 18780K [0x0000000708000000, 0x000000070a980000, 0x000000070d200000)
  object space 42496K, 44% used [0x0000000708000000,0x0000000709257118,0x000000070a980000)
GC Heap History (10 events):
Event: 92607,011 GC heap before
{Heap before GC invocations=379 (full 2):
 PSYoungGen      total 29184K, used 28896K [0x00000007af080000, 0x00000007b0e00000, 0x0000000800000000)
  eden space 28672K, 100% used [0x00000007af080000,0x00000007b0c80000,0x00000007b0c80000)
  from space 512K, 43% used [0x00000007b0d00000,0x00000007b0d38000,0x00000007b0d80000)
  to   space 512K, 0% used [0x00000007b0d80000,0x00000007b0d80000,0x00000007b0e00000)
 ParOldGen       total 96256K, used 48217K [0x000000070d200000, 0x0000000713000000, 0x00000007af080000)
  object space 96256K, 50% used [0x000000070d200000,0x0000000710116540,0x0000000713000000)
 PSPermGen       total 42496K, used 18780K [0x0000000708000000, 0x000000070a980000, 0x000000070d200000)
  object space 42496K, 44% used [0x0000000708000000,0x0000000709257118,0x000000070a980000)
Event: 92607,012 GC heap after
Heap after GC invocations=379 (full 2):
 PSYoungGen      total 29184K, used 256K [0x00000007af080000, 0x00000007b0e00000, 0x0000000800000000)
  eden space 28672K, 0% used [0x00000007af080000,0x00000007af080000,0x00000007b0c80000)
  from space 512K, 50% used [0x00000007b0d80000,0x00000007b0dc0000,0x00000007b0e00000)
  to   space 512K, 0% used [0x00000007b0d00000,0x00000007b0d00000,0x00000007b0d80000)
 ParOldGen       total 96256K, used 48265K [0x000000070d200000, 0x0000000713000000, 0x00000007af080000)
  object space 96256K, 50% used [0x000000070d200000,0x0000000710122540,0x0000000713000000)
 PSPermGen       total 42496K, used 18780K [0x0000000708000000, 0x000000070a980000, 0x000000070d200000)
  object space 42496K, 44% used [0x0000000708000000,0x0000000709257118,0x000000070a980000)
}
Event: 92608,727 GC heap before
{Heap before GC invocations=380 (full 2):
 PSYoungGen      total 29184K, used 28928K [0x00000007af080000, 0x00000007b0e00000, 0x0000000800000000)
  eden space 28672K, 100% used [0x00000007af080000,0x00000007b0c80000,0x00000007b0c80000)
  from space 512K, 50% used [0x00000007b0d80000,0x00000007b0dc0000,0x00000007b0e00000)
  to   space 512K, 0% used [0x00000007b0d00000,0x00000007b0d00000,0x00000007b0d80000)
 ParOldGen       total 96256K, used 48265K [0x000000070d200000, 0x0000000713000000, 0x00000007af080000)
  object space 96256K, 50% used [0x000000070d200000,0x0000000710122560,0x0000000713000000)
 PSPermGen       total 42496K, used 18780K [0x0000000708000000, 0x000000070a980000, 0x000000070d200000)
  object space 42496K, 44% used [0x0000000708000000,0x0000000709257118,0x000000070a980000)
Event: 92608,729 GC heap after
Heap after GC invocations=380 (full 2):
 PSYoungGen      total 29184K, used 192K [0x00000007af080000, 0x00000007b0e00000, 0x0000000800000000)
  eden space 28672K, 0% used [0x00000007af080000,0x00000007af080000,0x00000007b0c80000)
  from space 512K, 37% used [0x00000007b0d00000,0x00000007b0d30000,0x00000007b0d80000)
  to   space 512K, 0% used [0x00000007b0d80000,0x00000007b0d80000,0x00000007b0e00000)
 ParOldGen       total 96256K, used 48289K [0x000000070d200000, 0x0000000713000000, 0x00000007af080000)
  object space 96256K, 50% used [0x000000070d200000,0x0000000710128560,0x0000000713000000)
 PSPermGen       total 42496K, used 18780K [0x0000000708000000, 0x000000070a980000, 0x000000070d200000)
  object space 42496K, 44% used [0x0000000708000000,0x0000000709257118,0x000000070a980000)
}
Event: 92610,471 GC heap before
{Heap before GC invocations=381 (full 2):
 PSYoungGen      total 29184K, used 28864K [0x00000007af080000, 0x00000007b0e00000, 0x0000000800000000)
  eden space 28672K, 100% used [0x00000007af080000,0x00000007b0c80000,0x00000007b0c80000)
  from space 512K, 37% used [0x00000007b0d00000,0x00000007b0d30000,0x00000007b0d80000)
  to   space 512K, 0% used [0x00000007b0d80000,0x00000007b0d80000,0x00000007b0e00000)
 ParOldGen       total 96256K, used 48295K [0x000000070d200000, 0x0000000713000000, 0x00000007af080000)
  object space 96256K, 50% used [0x000000070d200000,0x0000000710129da0,0x0000000713000000)
 PSPermGen       total 42496K, used 18780K [0x0000000708000000, 0x000000070a980000, 0x000000070d200000)
  object space 42496K, 44% used [0x0000000708000000,0x0000000709257118,0x000000070a980000)
Event: 92610,473 GC heap after
Heap after GC invocations=381 (full 2):
 PSYoungGen      total 29184K, used 160K [0x00000007af080000, 0x00000007b0e00000, 0x0000000800000000)
  eden space 28672K, 0% used [0x00000007af080000,0x00000007af080000,0x00000007b0c80000)
  from space 512K, 31% used [0x00000007b0d80000,0x00000007b0da8000,0x00000007b0e00000)
  to   space 512K, 0% used [0x00000007b0d00000,0x00000007b0d00000,0x00000007b0d80000)
 ParOldGen       total 96256K, used 48319K [0x000000070d200000, 0x0000000713000000, 0x00000007af080000)
  object space 96256K, 50% used [0x000000070d200000,0x000000071012fda0,0x0000000713000000)
 PSPermGen       total 42496K, used 18780K [0x0000000708000000, 0x000000070a980000, 0x000000070d200000)
  object space 42496K, 44% used [0x0000000708000000,0x0000000709257118,0x000000070a980000)
}
Event: 92612,188 GC heap before
{Heap before GC invocations=382 (full 2):
 PSYoungGen      total 29184K, used 28832K [0x00000007af080000, 0x00000007b0e00000, 0x0000000800000000)
  eden space 28672K, 100% used [0x00000007af080000,0x00000007b0c80000,0x00000007b0c80000)
  from space 512K, 31% used [0x00000007b0d80000,0x00000007b0da8000,0x00000007b0e00000)
  to   space 512K, 0% used [0x00000007b0d00000,0x00000007b0d00000,0x00000007b0d80000)
 ParOldGen       total 96256K, used 48327K [0x000000070d200000, 0x0000000713000000, 0x00000007af080000)
  object space 96256K, 50% used [0x000000070d200000,0x0000000710131d58,0x0000000713000000)
 PSPermGen       total 42496K, used 18780K [0x0000000708000000, 0x000000070a980000, 0x000000070d200000)
  object space 42496K, 44% used [0x0000000708000000,0x0000000709257118,0x000000070a980000)
Event: 92612,190 GC heap after
Heap after GC invocations=382 (full 2):
 PSYoungGen      total 29184K, used 192K [0x00000007af080000, 0x00000007b0e00000, 0x0000000800000000)
  eden space 28672K, 0% used [0x00000007af080000,0x00000007af080000,0x00000007b0c80000)
  from space 512K, 37% used [0x00000007b0d00000,0x00000007b0d30000,0x00000007b0d80000)
  to   space 512K, 0% used [0x00000007b0d80000,0x00000007b0d80000,0x00000007b0e00000)
 ParOldGen       total 96256K, used 48359K [0x000000070d200000, 0x0000000713000000, 0x00000007af080000)
  object space 96256K, 50% used [0x000000070d200000,0x0000000710139d58,0x0000000713000000)
 PSPermGen       total 42496K, used 18780K [0x0000000708000000, 0x000000070a980000, 0x000000070d200000)
  object space 42496K, 44% used [0x0000000708000000,0x0000000709257118,0x000000070a980000)
}
Event: 92613,901 GC heap before
{Heap before GC invocations=383 (full 2):
 PSYoungGen      total 29184K, used 28864K [0x00000007af080000, 0x00000007b0e00000, 0x0000000800000000)
  eden space 28672K, 100% used [0x00000007af080000,0x00000007b0c80000,0x00000007b0c80000)
  from space 512K, 37% used [0x00000007b0d00000,0x00000007b0d30000,0x00000007b0d80000)
  to   space 512K, 0% used [0x00000007b0d80000,0x00000007b0d80000,0x00000007b0e00000)
 ParOldGen       total 96256K, used 48364K [0x000000070d200000, 0x0000000713000000, 0x00000007af080000)
  object space 96256K, 50% used [0x000000070d200000,0x000000071013b208,0x0000000713000000)
 PSPermGen       total 42496K, used 18780K [0x0000000708000000, 0x000000070a980000, 0x000000070d200000)
  object space 42496K, 44% used [0x0000000708000000,0x0000000709257118,0x000000070a980000)
Event: 92613,903 GC heap after
Heap after GC invocations=383 (full 2):
 PSYoungGen      total 29184K, used 160K [0x00000007af080000, 0x00000007b0e00000, 0x0000000800000000)
  eden space 28672K, 0% used [0x00000007af080000,0x00000007af080000,0x00000007b0c80000)
  from space 512K, 31% used [0x00000007b0d80000,0x00000007b0da8000,0x00000007b0e00000)
  to   space 512K, 0% used [0x00000007b0d00000,0x00000007b0d00000,0x00000007b0d80000)
 ParOldGen       total 96256K, used 48396K [0x000000070d200000, 0x0000000713000000, 0x00000007af080000)
  object space 96256K, 50% used [0x000000070d200000,0x0000000710143208,0x0000000713000000)
 PSPermGen       total 42496K, used 18780K [0x0000000708000000, 0x000000070a980000, 0x000000070d200000)
  object space 42496K, 44% used [0x0000000708000000,0x0000000709257118,0x000000070a980000)
}

