# JRE version: Java(TM) SE Runtime Environment (7.0_80-b15) (build 1.7.0_80-b15)
# Java VM: Java HotSpot(TM) 64-Bit Server VM (24.80-b11 mixed mode linux-amd64 compressed oops)
Heap
 PSYoungGen      total 31232K, used 840K [0x00000007af080000, 0x00000007b1000000, 0x0000000800000000)
  eden space 30208K, 0% used [0x00000007af080000,0x00000007af080000,0x00000007b0e00000)
  from space 1024K, 82% used [0x00000007b0e00000,0x00000007b0ed2368,0x00000007b0f00000)
  to   space 1024K, 0% used [0x00000007b0f00000,0x00000007b0f00000,0x00000007b1000000)
 ParOldGen       total 180736K, used 179895K [0x000000070d200000, 0x0000000718280000, 0x00000007af080000)
  object space 180736K, 99% used [0x000000070d200000,0x00000007181ade88,0x0000000718280000)
 PSPermGen       total 21504K, used 18769K [0x0000000708000000, 0x0000000709500000, 0x000000070d200000)
  object space 21504K, 87% used [0x0000000708000000,0x00000007092544e0,0x0000000709500000)
GC Heap History (10 events):
Event: 71250,564 GC heap after
Heap after GC invocations=183 (full 0):
 PSYoungGen      total 31232K, used 224K [0x00000007af080000, 0x00000007b1000000, 0x0000000800000000)
  eden space 30208K, 0% used [0x00000007af080000,0x00000007af080000,0x00000007b0e00000)
  from space 1024K, 21% used [0x00000007b0e00000,0x00000007b0e38000,0x00000007b0f00000)
  to   space 1024K, 0% used [0x00000007b0f00000,0x00000007b0f00000,0x00000007b1000000)
 ParOldGen       total 165376K, used 154910K [0x000000070d200000, 0x0000000717380000, 0x00000007af080000)
  object space 165376K, 93% used [0x000000070d200000,0x0000000716947b10,0x0000000717380000)
 PSPermGen       total 21504K, used 18745K [0x0000000708000000, 0x0000000709500000, 0x000000070d200000)
  object space 21504K, 87% used [0x0000000708000000,0x000000070924e5c8,0x0000000709500000)
}
Event: 71252,163 GC heap before
{Heap before GC invocations=184 (full 0):
 PSYoungGen      total 31232K, used 30432K [0x00000007af080000, 0x00000007b1000000, 0x0000000800000000)
  eden space 30208K, 100% used [0x00000007af080000,0x00000007b0e00000,0x00000007b0e00000)
  from space 1024K, 21% used [0x00000007b0e00000,0x00000007b0e38000,0x00000007b0f00000)
  to   space 1024K, 0% used [0x00000007b0f00000,0x00000007b0f00000,0x00000007b1000000)
 ParOldGen       total 165376K, used 154913K [0x000000070d200000, 0x0000000717380000, 0x00000007af080000)
  object space 165376K, 93% used [0x000000070d200000,0x00000007169487c8,0x0000000717380000)
 PSPermGen       total 21504K, used 18745K [0x0000000708000000, 0x0000000709500000, 0x000000070d200000)
  object space 21504K, 87% used [0x0000000708000000,0x000000070924e5c8,0x0000000709500000)
Event: 71252,166 GC heap after
Heap after GC invocations=184 (full 0):
 PSYoungGen      total 31232K, used 288K [0x00000007af080000, 0x00000007b1000000, 0x0000000800000000)
  eden space 30208K, 0% used [0x00000007af080000,0x00000007af080000,0x00000007b0e00000)
  from space 1024K, 28% used [0x00000007b0f00000,0x00000007b0f48000,0x00000007b1000000)
  to   space 1024K, 0% used [0x00000007b0e00000,0x00000007b0e00000,0x00000007b0f00000)
 ParOldGen       total 165376K, used 155017K [0x000000070d200000, 0x0000000717380000, 0x00000007af080000)
  object space 165376K, 93% used [0x000000070d200000,0x00000007169627c8,0x0000000717380000)
 PSPermGen       total 21504K, used 18745K [0x0000000708000000, 0x0000000709500000, 0x000000070d200000)
  object space 21504K, 87% used [0x0000000708000000,0x000000070924e5c8,0x0000000709500000)
}
Event: 71253,800 GC heap before
{Heap before GC invocations=185 (full 0):
 PSYoungGen      total 31232K, used 30496K [0x00000007af080000, 0x00000007b1000000, 0x0000000800000000)
  eden space 30208K, 100% used [0x00000007af080000,0x00000007b0e00000,0x00000007b0e00000)
  from space 1024K, 28% used [0x00000007b0f00000,0x00000007b0f48000,0x00000007b1000000)
  to   space 1024K, 0% used [0x00000007b0e00000,0x00000007b0e00000,0x00000007b0f00000)
 ParOldGen       total 165376K, used 155020K [0x000000070d200000, 0x0000000717380000, 0x00000007af080000)
  object space 165376K, 93% used [0x000000070d200000,0x0000000716963290,0x0000000717380000)
 PSPermGen       total 21504K, used 18745K [0x0000000708000000, 0x0000000709500000, 0x000000070d200000)
  object space 21504K, 87% used [0x0000000708000000,0x000000070924e5e8,0x0000000709500000)
Event: 71253,803 GC heap after
Heap after GC invocations=185 (full 0):
 PSYoungGen      total 31232K, used 192K [0x00000007af080000, 0x00000007b1000000, 0x0000000800000000)
  eden space 30208K, 0% used [0x00000007af080000,0x00000007af080000,0x00000007b0e00000)
  from space 1024K, 18% used [0x00000007b0e00000,0x00000007b0e30000,0x00000007b0f00000)
  to   space 1024K, 0% used [0x00000007b0f00000,0x00000007b0f00000,0x00000007b1000000)
 ParOldGen       total 165376K, used 155044K [0x000000070d200000, 0x0000000717380000, 0x00000007af080000)
  object space 165376K, 93% used [0x000000070d200000,0x0000000716969290,0x0000000717380000)
 PSPermGen       total 21504K, used 18745K [0x0000000708000000, 0x0000000709500000, 0x000000070d200000)
  object space 21504K, 87% used [0x0000000708000000,0x000000070924e5e8,0x0000000709500000)
}
Event: 71256,446 GC heap before
{Heap before GC invocations=186 (full 0):
 PSYoungGen      total 31232K, used 30400K [0x00000007af080000, 0x00000007b1000000, 0x0000000800000000)
  eden space 30208K, 100% used [0x00000007af080000,0x00000007b0e00000,0x00000007b0e00000)
  from space 1024K, 18% used [0x00000007b0e00000,0x00000007b0e30000,0x00000007b0f00000)
  to   space 1024K, 0% used [0x00000007b0f00000,0x00000007b0f00000,0x00000007b1000000)
 ParOldGen       total 165376K, used 155044K [0x000000070d200000, 0x0000000717380000, 0x00000007af080000)
  object space 165376K, 93% used [0x000000070d200000,0x0000000716969290,0x0000000717380000)
 PSPermGen       total 21504K, used 18767K [0x0000000708000000, 0x0000000709500000, 0x000000070d200000)
  object space 21504K, 87% used [0x0000000708000000,0x0000000709253fc8,0x0000000709500000)
Event: 71256,454 GC heap after
Heap after GC invocations=186 (full 0):
 PSYoungGen      total 31232K, used 352K [0x00000007af080000, 0x00000007b1000000, 0x0000000800000000)
  eden space 30208K, 0% used [0x00000007af080000,0x00000007af080000,0x00000007b0e00000)
  from space 1024K, 34% used [0x00000007b0f00000,0x00000007b0f58000,0x00000007b1000000)
  to   space 1024K, 0% used [0x00000007b0e00000,0x00000007b0e00000,0x00000007b0f00000)
 ParOldGen       total 165376K, used 155076K [0x000000070d200000, 0x0000000717380000, 0x00000007af080000)
  object space 165376K, 93% used [0x000000070d200000,0x0000000716971290,0x0000000717380000)
 PSPermGen       total 21504K, used 18767K [0x0000000708000000, 0x0000000709500000, 0x000000070d200000)
  object space 21504K, 87% used [0x0000000708000000,0x0000000709253fc8,0x0000000709500000)
}
Event: 71265,933 GC heap before
{Heap before GC invocations=187 (full 0):
 PSYoungGen      total 31232K, used 30560K [0x00000007af080000, 0x00000007b1000000, 0x0000000800000000)
  eden space 30208K, 100% used [0x00000007af080000,0x00000007b0e00000,0x00000007b0e00000)
  from space 1024K, 34% used [0x00000007b0f00000,0x00000007b0f58000,0x00000007b1000000)
  to   space 1024K, 0% used [0x00000007b0e00000,0x00000007b0e00000,0x00000007b0f00000)
 ParOldGen       total 165376K, used 155076K [0x000000070d200000, 0x0000000717380000, 0x00000007af080000)
  object space 165376K, 93% used [0x000000070d200000,0x0000000716971290,0x0000000717380000)
 PSPermGen       total 21504K, used 18769K [0x0000000708000000, 0x0000000709500000, 0x000000070d200000)
  object space 21504K, 87% used [0x0000000708000000,0x00000007092544e0,0x0000000709500000)
Event: 71265,943 GC heap after
Heap after GC invocations=187 (full 0):
 PSYoungGen      total 31232K, used 840K [0x00000007af080000, 0x00000007b1000000, 0x0000000800000000)
  eden space 30208K, 0% used [0x00000007af080000,0x00000007af080000,0x00000007b0e00000)
  from space 1024K, 82% used [0x00000007b0e00000,0x00000007b0ed2368,0x00000007b0f00000)
  to   space 1024K, 0% used [0x00000007b0f00000,0x00000007b0f00000,0x00000007b1000000)
 ParOldGen       total 180736K, used 179895K [0x000000070d200000, 0x0000000718280000, 0x00000007af080000)
  object space 180736K, 99% used [0x000000070d200000,0x00000007181ade88,0x0000000718280000)
 PSPermGen       total 21504K, used 18769K [0x0000000708000000, 0x0000000709500000, 0x000000070d200000)
  object space 21504K, 87% used [0x0000000708000000,0x00000007092544e0,0x0000000709500000)
}
Event: 71265,943 GC heap before
{Heap before GC invocations=188 (full 1):
 PSYoungGen      total 31232K, used 840K [0x00000007af080000, 0x00000007b1000000, 0x0000000800000000)
  eden space 30208K, 0% used [0x00000007af080000,0x00000007af080000,0x00000007b0e00000)
  from space 1024K, 82% used [0x00000007b0e00000,0x00000007b0ed2368,0x00000007b0f00000)
  to   space 1024K, 0% used [0x00000007b0f00000,0x00000007b0f00000,0x00000007b1000000)
 ParOldGen       total 180736K, used 179895K [0x000000070d200000, 0x0000000718280000, 0x00000007af080000)
  object space 180736K, 99% used [0x000000070d200000,0x00000007181ade88,0x0000000718280000)
 PSPermGen       total 21504K, used 18769K [0x0000000708000000, 0x0000000709500000, 0x000000070d200000)
  object space 21504K, 87% used [0x0000000708000000,0x00000007092544e0,0x0000000709500000)

