# JRE version: Java(TM) SE Runtime Environment (7.0_80-b15) (build 1.7.0_80-b15)
# Java VM: Java HotSpot(TM) 64-Bit Server VM (24.80-b11 mixed mode linux-amd64 compressed oops)
Heap
 PSYoungGen      total 523264K, used 1088K [0x00000007af080000, 0x00000007e4980000, 0x0000000800000000)
  eden space 521728K, 0% used [0x00000007af080000,0x00000007af080000,0x00000007cee00000)
  from space 1536K, 70% used [0x00000007e4800000,0x00000007e4910320,0x00000007e4980000)
  to   space 43008K, 0% used [0x00000007df580000,0x00000007df580000,0x00000007e1f80000)
 ParOldGen       total 161280K, used 145438K [0x000000070d200000, 0x0000000716f80000, 0x00000007af080000)
  object space 161280K, 90% used [0x000000070d200000,0x0000000716007b70,0x0000000716f80000)
 PSPermGen       total 44032K, used 19659K [0x0000000708000000, 0x000000070ab00000, 0x000000070d200000)
  object space 44032K, 44% used [0x0000000708000000,0x0000000709332c10,0x000000070ab00000)
GC Heap History (10 events):
Event: 2711,907 GC heap after
Heap after GC invocations=32 (full 2):
 PSYoungGen      total 627712K, used 1438K [0x00000007af080000, 0x00000007e9100000, 0x0000000800000000)
  eden space 626176K, 0% used [0x00000007af080000,0x00000007af080000,0x00000007d5400000)
  from space 1536K, 93% used [0x00000007e8f80000,0x00000007e90e7bc0,0x00000007e9100000)
  to   space 40960K, 0% used [0x00000007e4100000,0x00000007e4100000,0x00000007e6900000)
 ParOldGen       total 161280K, used 89652K [0x000000070d200000, 0x0000000716f80000, 0x00000007af080000)
  object space 161280K, 55% used [0x000000070d200000,0x000000071298d078,0x0000000716f80000)
 PSPermGen       total 44032K, used 19652K [0x0000000708000000, 0x000000070ab00000, 0x000000070d200000)
  object space 44032K, 44% used [0x0000000708000000,0x0000000709331130,0x000000070ab00000)
}
Event: 2724,791 GC heap before
{Heap before GC invocations=33 (full 2):
 PSYoungGen      total 627712K, used 627614K [0x00000007af080000, 0x00000007e9100000, 0x0000000800000000)
  eden space 626176K, 100% used [0x00000007af080000,0x00000007d5400000,0x00000007d5400000)
  from space 1536K, 93% used [0x00000007e8f80000,0x00000007e90e7bc0,0x00000007e9100000)
  to   space 40960K, 0% used [0x00000007e4100000,0x00000007e4100000,0x00000007e6900000)
 ParOldGen       total 161280K, used 89652K [0x000000070d200000, 0x0000000716f80000, 0x00000007af080000)
  object space 161280K, 55% used [0x000000070d200000,0x000000071298d078,0x0000000716f80000)
 PSPermGen       total 44032K, used 19652K [0x0000000708000000, 0x000000070ab00000, 0x000000070d200000)
  object space 44032K, 44% used [0x0000000708000000,0x0000000709331130,0x000000070ab00000)
Event: 2724,795 GC heap after
Heap after GC invocations=33 (full 2):
 PSYoungGen      total 638976K, used 1774K [0x00000007af080000, 0x00000007e9000000, 0x0000000800000000)
  eden space 598016K, 0% used [0x00000007af080000,0x00000007af080000,0x00000007d3880000)
  from space 40960K, 4% used [0x00000007e4100000,0x00000007e42bb820,0x00000007e6900000)
  to   space 38912K, 0% used [0x00000007e6a00000,0x00000007e6a00000,0x00000007e9000000)
 ParOldGen       total 161280K, used 90734K [0x000000070d200000, 0x0000000716f80000, 0x00000007af080000)
  object space 161280K, 56% used [0x000000070d200000,0x0000000712a9bba0,0x0000000716f80000)
 PSPermGen       total 44032K, used 19652K [0x0000000708000000, 0x000000070ab00000, 0x000000070d200000)
  object space 44032K, 44% used [0x0000000708000000,0x0000000709331130,0x000000070ab00000)
}
Event: 2755,172 GC heap before
{Heap before GC invocations=34 (full 2):
 PSYoungGen      total 638976K, used 599790K [0x00000007af080000, 0x00000007e9000000, 0x0000000800000000)
  eden space 598016K, 100% used [0x00000007af080000,0x00000007d3880000,0x00000007d3880000)
  from space 40960K, 4% used [0x00000007e4100000,0x00000007e42bb820,0x00000007e6900000)
  to   space 38912K, 0% used [0x00000007e6a00000,0x00000007e6a00000,0x00000007e9000000)
 ParOldGen       total 161280K, used 90747K [0x000000070d200000, 0x0000000716f80000, 0x00000007af080000)
  object space 161280K, 56% used [0x000000070d200000,0x0000000712a9edf0,0x0000000716f80000)
 PSPermGen       total 44032K, used 19653K [0x0000000708000000, 0x000000070ab00000, 0x000000070d200000)
  object space 44032K, 44% used [0x0000000708000000,0x0000000709331520,0x000000070ab00000)
Event: 2755,176 GC heap after
Heap after GC invocations=34 (full 2):
 PSYoungGen      total 573440K, used 1615K [0x00000007af080000, 0x00000007e6c00000, 0x0000000800000000)
  eden space 571392K, 0% used [0x00000007af080000,0x00000007af080000,0x00000007d1e80000)
  from space 2048K, 78% used [0x00000007e6a00000,0x00000007e6b93f80,0x00000007e6c00000)
  to   space 36864K, 0% used [0x00000007e2400000,0x00000007e2400000,0x00000007e4800000)
 ParOldGen       total 161280K, used 92341K [0x000000070d200000, 0x0000000716f80000, 0x00000007af080000)
  object space 161280K, 57% used [0x000000070d200000,0x0000000712c2d790,0x0000000716f80000)
 PSPermGen       total 44032K, used 19653K [0x0000000708000000, 0x000000070ab00000, 0x000000070d200000)
  object space 44032K, 44% used [0x0000000708000000,0x0000000709331520,0x000000070ab00000)
}
Event: 2917,707 GC heap before
{Heap before GC invocations=35 (full 2):
 PSYoungGen      total 573440K, used 573007K [0x00000007af080000, 0x00000007e6c00000, 0x0000000800000000)
  eden space 571392K, 100% used [0x00000007af080000,0x00000007d1e80000,0x00000007d1e80000)
  from space 2048K, 78% used [0x00000007e6a00000,0x00000007e6b93f80,0x00000007e6c00000)
  to   space 36864K, 0% used [0x00000007e2400000,0x00000007e2400000,0x00000007e4800000)
 ParOldGen       total 161280K, used 92343K [0x000000070d200000, 0x0000000716f80000, 0x00000007af080000)
  object space 161280K, 57% used [0x000000070d200000,0x0000000712c2dfb8,0x0000000716f80000)
 PSPermGen       total 44032K, used 19658K [0x0000000708000000, 0x000000070ab00000, 0x000000070d200000)
  object space 44032K, 44% used [0x0000000708000000,0x00000007093329f8,0x000000070ab00000)
Event: 2917,717 GC heap after
Heap after GC invocations=35 (full 2):
 PSYoungGen      total 582656K, used 36563K [0x00000007af080000, 0x00000007e6a80000, 0x0000000800000000)
  eden space 545792K, 0% used [0x00000007af080000,0x00000007af080000,0x00000007d0580000)
  from space 36864K, 99% used [0x00000007e2400000,0x00000007e47b4c00,0x00000007e4800000)
  to   space 35328K, 0% used [0x00000007e4800000,0x00000007e4800000,0x00000007e6a80000)
 ParOldGen       total 161280K, used 95781K [0x000000070d200000, 0x0000000716f80000, 0x00000007af080000)
  object space 161280K, 59% used [0x000000070d200000,0x0000000712f89448,0x0000000716f80000)
 PSPermGen       total 44032K, used 19658K [0x0000000708000000, 0x000000070ab00000, 0x000000070d200000)
  object space 44032K, 44% used [0x0000000708000000,0x00000007093329f8,0x000000070ab00000)
}
Event: 2968,424 GC heap before
{Heap before GC invocations=36 (full 2):
 PSYoungGen      total 582656K, used 582355K [0x00000007af080000, 0x00000007e6a80000, 0x0000000800000000)
  eden space 545792K, 100% used [0x00000007af080000,0x00000007d0580000,0x00000007d0580000)
  from space 36864K, 99% used [0x00000007e2400000,0x00000007e47b4c00,0x00000007e4800000)
  to   space 35328K, 0% used [0x00000007e4800000,0x00000007e4800000,0x00000007e6a80000)
 ParOldGen       total 161280K, used 95781K [0x000000070d200000, 0x0000000716f80000, 0x00000007af080000)
  object space 161280K, 59% used [0x000000070d200000,0x0000000712f89448,0x0000000716f80000)
 PSPermGen       total 44032K, used 19659K [0x0000000708000000, 0x000000070ab00000, 0x000000070d200000)
  object space 44032K, 44% used [0x0000000708000000,0x0000000709332c10,0x000000070ab00000)
Event: 2968,435 GC heap after
Heap after GC invocations=36 (full 2):
 PSYoungGen      total 523264K, used 1088K [0x00000007af080000, 0x00000007e4980000, 0x0000000800000000)
  eden space 521728K, 0% used [0x00000007af080000,0x00000007af080000,0x00000007cee00000)
  from space 1536K, 70% used [0x00000007e4800000,0x00000007e4910320,0x00000007e4980000)
  to   space 43008K, 0% used [0x00000007df580000,0x00000007df580000,0x00000007e1f80000)
 ParOldGen       total 161280K, used 145438K [0x000000070d200000, 0x0000000716f80000, 0x00000007af080000)
  object space 161280K, 90% used [0x000000070d200000,0x0000000716007b70,0x0000000716f80000)
 PSPermGen       total 44032K, used 19659K [0x0000000708000000, 0x000000070ab00000, 0x000000070d200000)
  object space 44032K, 44% used [0x0000000708000000,0x0000000709332c10,0x000000070ab00000)
}
Event: 2968,435 GC heap before
{Heap before GC invocations=37 (full 3):
 PSYoungGen      total 523264K, used 1088K [0x00000007af080000, 0x00000007e4980000, 0x0000000800000000)
  eden space 521728K, 0% used [0x00000007af080000,0x00000007af080000,0x00000007cee00000)
  from space 1536K, 70% used [0x00000007e4800000,0x00000007e4910320,0x00000007e4980000)
  to   space 43008K, 0% used [0x00000007df580000,0x00000007df580000,0x00000007e1f80000)
 ParOldGen       total 161280K, used 145438K [0x000000070d200000, 0x0000000716f80000, 0x00000007af080000)
  object space 161280K, 90% used [0x000000070d200000,0x0000000716007b70,0x0000000716f80000)
 PSPermGen       total 44032K, used 19659K [0x0000000708000000, 0x000000070ab00000, 0x000000070d200000)
  object space 44032K, 44% used [0x0000000708000000,0x0000000709332c10,0x000000070ab00000)

