# JRE version: Java(TM) SE Runtime Environment (7.0_80-b15) (build 1.7.0_80-b15)
# Java VM: Java HotSpot(TM) 64-Bit Server VM (24.80-b11 mixed mode linux-amd64 compressed oops)
Heap
 PSYoungGen      total 48128K, used 7388K [0x00000007af080000, 0x00000007b2880000, 0x0000000800000000)
  eden space 40960K, 17% used [0x00000007af080000,0x00000007af777058,0x00000007b1880000)
  from space 7168K, 3% used [0x00000007b2180000,0x00000007b21c0000,0x00000007b2880000)
  to   space 8192K, 0% used [0x00000007b1880000,0x00000007b1880000,0x00000007b2080000)
 ParOldGen       total 165376K, used 24795K [0x000000070d200000, 0x0000000717380000, 0x00000007af080000)
  object space 165376K, 14% used [0x000000070d200000,0x000000070ea36d70,0x0000000717380000)
 PSPermGen       total 21504K, used 21047K [0x0000000708000000, 0x0000000709500000, 0x000000070d200000)
  object space 21504K, 97% used [0x0000000708000000,0x000000070948df08,0x0000000709500000)
GC Heap History (10 events):
Event: 126,035 GC heap before
{Heap before GC invocations=26 (full 0):
 PSYoungGen      total 44032K, used 43744K [0x00000007af080000, 0x00000007b3100000, 0x0000000800000000)
  eden space 43520K, 100% used [0x00000007af080000,0x00000007b1b00000,0x00000007b1b00000)
  from space 512K, 43% used [0x00000007b1b80000,0x00000007b1bb8000,0x00000007b1c00000)
  to   space 11264K, 0% used [0x00000007b2600000,0x00000007b2600000,0x00000007b3100000)
 ParOldGen       total 165376K, used 23908K [0x000000070d200000, 0x0000000717380000, 0x00000007af080000)
  object space 165376K, 14% used [0x000000070d200000,0x000000070e9590b8,0x0000000717380000)
 PSPermGen       total 21504K, used 21037K [0x0000000708000000, 0x0000000709500000, 0x000000070d200000)
  object space 21504K, 97% used [0x0000000708000000,0x000000070948b678,0x0000000709500000)
Event: 126,038 GC heap after
Heap after GC invocations=26 (full 0):
 PSYoungGen      total 51712K, used 449K [0x00000007af080000, 0x00000007b2e80000, 0x0000000800000000)
  eden space 43008K, 0% used [0x00000007af080000,0x00000007af080000,0x00000007b1a80000)
  from space 8704K, 5% used [0x00000007b2600000,0x00000007b26706f0,0x00000007b2e80000)
  to   space 10240K, 0% used [0x00000007b1a80000,0x00000007b1a80000,0x00000007b2480000)
 ParOldGen       total 165376K, used 23932K [0x000000070d200000, 0x0000000717380000, 0x00000007af080000)
  object space 165376K, 14% used [0x000000070d200000,0x000000070e95f0b8,0x0000000717380000)
 PSPermGen       total 21504K, used 21037K [0x0000000708000000, 0x0000000709500000, 0x000000070d200000)
  object space 21504K, 97% used [0x0000000708000000,0x000000070948b678,0x0000000709500000)
}
Event: 126,164 GC heap before
{Heap before GC invocations=27 (full 0):
 PSYoungGen      total 51712K, used 43457K [0x00000007af080000, 0x00000007b2e80000, 0x0000000800000000)
  eden space 43008K, 100% used [0x00000007af080000,0x00000007b1a80000,0x00000007b1a80000)
  from space 8704K, 5% used [0x00000007b2600000,0x00000007b26706f0,0x00000007b2e80000)
  to   space 10240K, 0% used [0x00000007b1a80000,0x00000007b1a80000,0x00000007b2480000)
 ParOldGen       total 165376K, used 23960K [0x000000070d200000, 0x0000000717380000, 0x00000007af080000)
  object space 165376K, 14% used [0x000000070d200000,0x000000070e966190,0x0000000717380000)
 PSPermGen       total 21504K, used 21038K [0x0000000708000000, 0x0000000709500000, 0x000000070d200000)
  object space 21504K, 97% used [0x0000000708000000,0x000000070948b9c8,0x0000000709500000)
Event: 126,167 GC heap after
Heap after GC invocations=27 (full 0):
 PSYoungGen      total 43008K, used 160K [0x00000007af080000, 0x00000007b2d00000, 0x0000000800000000)
  eden space 42496K, 0% used [0x00000007af080000,0x00000007af080000,0x00000007b1a00000)
  from space 512K, 31% used [0x00000007b1a80000,0x00000007b1aa8000,0x00000007b1b00000)
  to   space 9728K, 0% used [0x00000007b2380000,0x00000007b2380000,0x00000007b2d00000)
 ParOldGen       total 165376K, used 24261K [0x000000070d200000, 0x0000000717380000, 0x00000007af080000)
  object space 165376K, 14% used [0x000000070d200000,0x000000070e9b16b0,0x0000000717380000)
 PSPermGen       total 21504K, used 21038K [0x0000000708000000, 0x0000000709500000, 0x000000070d200000)
  object space 21504K, 97% used [0x0000000708000000,0x000000070948b9c8,0x0000000709500000)
}
Event: 129,291 GC heap before
{Heap before GC invocations=28 (full 0):
 PSYoungGen      total 43008K, used 42656K [0x00000007af080000, 0x00000007b2d00000, 0x0000000800000000)
  eden space 42496K, 100% used [0x00000007af080000,0x00000007b1a00000,0x00000007b1a00000)
  from space 512K, 31% used [0x00000007b1a80000,0x00000007b1aa8000,0x00000007b1b00000)
  to   space 9728K, 0% used [0x00000007b2380000,0x00000007b2380000,0x00000007b2d00000)
 ParOldGen       total 165376K, used 24576K [0x000000070d200000, 0x0000000717380000, 0x00000007af080000)
  object space 165376K, 14% used [0x000000070d200000,0x000000070ea00108,0x0000000717380000)
 PSPermGen       total 21504K, used 21039K [0x0000000708000000, 0x0000000709500000, 0x000000070d200000)
  object space 21504K, 97% used [0x0000000708000000,0x000000070948bfd0,0x0000000709500000)
Event: 129,293 GC heap after
Heap after GC invocations=28 (full 0):
 PSYoungGen      total 50176K, used 352K [0x00000007af080000, 0x00000007b2b80000, 0x0000000800000000)
  eden space 41984K, 0% used [0x00000007af080000,0x00000007af080000,0x00000007b1980000)
  from space 8192K, 4% used [0x00000007b2380000,0x00000007b23d8000,0x00000007b2b80000)
  to   space 9216K, 0% used [0x00000007b1980000,0x00000007b1980000,0x00000007b2280000)
 ParOldGen       total 165376K, used 24616K [0x000000070d200000, 0x0000000717380000, 0x00000007af080000)
  object space 165376K, 14% used [0x000000070d200000,0x000000070ea0a108,0x0000000717380000)
 PSPermGen       total 21504K, used 21039K [0x0000000708000000, 0x0000000709500000, 0x000000070d200000)
  object space 21504K, 97% used [0x0000000708000000,0x000000070948bfd0,0x0000000709500000)
}
Event: 129,416 GC heap before
{Heap before GC invocations=29 (full 0):
 PSYoungGen      total 50176K, used 42336K [0x00000007af080000, 0x00000007b2b80000, 0x0000000800000000)
  eden space 41984K, 100% used [0x00000007af080000,0x00000007b1980000,0x00000007b1980000)
  from space 8192K, 4% used [0x00000007b2380000,0x00000007b23d8000,0x00000007b2b80000)
  to   space 9216K, 0% used [0x00000007b1980000,0x00000007b1980000,0x00000007b2280000)
 ParOldGen       total 165376K, used 24619K [0x000000070d200000, 0x0000000717380000, 0x00000007af080000)
  object space 165376K, 14% used [0x000000070d200000,0x000000070ea0ad70,0x0000000717380000)
 PSPermGen       total 21504K, used 21040K [0x0000000708000000, 0x0000000709500000, 0x000000070d200000)
  object space 21504K, 97% used [0x0000000708000000,0x000000070948c010,0x0000000709500000)
Event: 129,419 GC heap after
Heap after GC invocations=29 (full 0):
 PSYoungGen      total 41984K, used 256K [0x00000007af080000, 0x00000007b2a00000, 0x0000000800000000)
  eden space 41472K, 0% used [0x00000007af080000,0x00000007af080000,0x00000007b1900000)
  from space 512K, 50% used [0x00000007b1980000,0x00000007b19c0000,0x00000007b1a00000)
  to   space 8704K, 0% used [0x00000007b2180000,0x00000007b2180000,0x00000007b2a00000)
 ParOldGen       total 165376K, used 24747K [0x000000070d200000, 0x0000000717380000, 0x00000007af080000)
  object space 165376K, 14% used [0x000000070d200000,0x000000070ea2ad70,0x0000000717380000)
 PSPermGen       total 21504K, used 21040K [0x0000000708000000, 0x0000000709500000, 0x000000070d200000)
  object space 21504K, 97% used [0x0000000708000000,0x000000070948c010,0x0000000709500000)
}
Event: 131,166 GC heap before
{Heap before GC invocations=30 (full 0):
 PSYoungGen      total 41984K, used 41728K [0x00000007af080000, 0x00000007b2a00000, 0x0000000800000000)
  eden space 41472K, 100% used [0x00000007af080000,0x00000007b1900000,0x00000007b1900000)
  from space 512K, 50% used [0x00000007b1980000,0x00000007b19c0000,0x00000007b1a00000)
  to   space 8704K, 0% used [0x00000007b2180000,0x00000007b2180000,0x00000007b2a00000)
 ParOldGen       total 165376K, used 24747K [0x000000070d200000, 0x0000000717380000, 0x00000007af080000)
  object space 165376K, 14% used [0x000000070d200000,0x000000070ea2ad70,0x0000000717380000)
 PSPermGen       total 21504K, used 21041K [0x0000000708000000, 0x0000000709500000, 0x000000070d200000)
  object space 21504K, 97% used [0x0000000708000000,0x000000070948c7e0,0x0000000709500000)
Event: 131,168 GC heap after
Heap after GC invocations=30 (full 0):
 PSYoungGen      total 48128K, used 256K [0x00000007af080000, 0x00000007b2880000, 0x0000000800000000)
  eden space 40960K, 0% used [0x00000007af080000,0x00000007af080000,0x00000007b1880000)
  from space 7168K, 3% used [0x00000007b2180000,0x00000007b21c0000,0x00000007b2880000)
  to   space 8192K, 0% used [0x00000007b1880000,0x00000007b1880000,0x00000007b2080000)
 ParOldGen       total 165376K, used 24795K [0x000000070d200000, 0x0000000717380000, 0x00000007af080000)
  object space 165376K, 14% used [0x000000070d200000,0x000000070ea36d70,0x0000000717380000)
 PSPermGen       total 21504K, used 21041K [0x0000000708000000, 0x0000000709500000, 0x000000070d200000)
  object space 21504K, 97% used [0x0000000708000000,0x000000070948c7e0,0x0000000709500000)
}

