# JRE version: Java(TM) SE Runtime Environment (7.0_80-b15) (build 1.7.0_80-b15)
# Java VM: Java HotSpot(TM) 64-Bit Server VM (24.80-b11 mixed mode linux-amd64 compressed oops)
Heap
 PSYoungGen      total 45568K, used 256K [0x00000007af080000, 0x00000007b2800000, 0x0000000800000000)
  eden space 35328K, 0% used [0x00000007af080000,0x00000007af080000,0x00000007b1300000)
  from space 10240K, 2% used [0x00000007b1e00000,0x00000007b1e40000,0x00000007b2800000)
  to   space 10752K, 0% used [0x00000007b1300000,0x00000007b1300000,0x00000007b1d80000)
 ParOldGen       total 125440K, used 123958K [0x000000070d200000, 0x0000000714c80000, 0x00000007af080000)
  object space 125440K, 98% used [0x000000070d200000,0x0000000714b0dad0,0x0000000714c80000)
 PSPermGen       total 41984K, used 18685K [0x0000000708000000, 0x000000070a900000, 0x000000070d200000)
  object space 41984K, 44% used [0x0000000708000000,0x000000070923f530,0x000000070a900000)
GC Heap History (10 events):
Event: 8066,484 GC heap after
Heap after GC invocations=70 (full 2):
 PSYoungGen      total 46592K, used 64K [0x00000007af080000, 0x00000007b2880000, 0x0000000800000000)
  eden space 36864K, 0% used [0x00000007af080000,0x00000007af080000,0x00000007b1480000)
  from space 9728K, 0% used [0x00000007b1f00000,0x00000007b1f10000,0x00000007b2880000)
  to   space 10240K, 0% used [0x00000007b1480000,0x00000007b1480000,0x00000007b1e80000)
 ParOldGen       total 125440K, used 85437K [0x000000070d200000, 0x0000000714c80000, 0x00000007af080000)
  object space 125440K, 68% used [0x000000070d200000,0x000000071256f400,0x0000000714c80000)
 PSPermGen       total 41984K, used 18676K [0x0000000708000000, 0x000000070a900000, 0x000000070d200000)
  object space 41984K, 44% used [0x0000000708000000,0x000000070923d348,0x000000070a900000)
}
Event: 8070,333 GC heap before
{Heap before GC invocations=71 (full 2):
 PSYoungGen      total 46592K, used 36928K [0x00000007af080000, 0x00000007b2880000, 0x0000000800000000)
  eden space 36864K, 100% used [0x00000007af080000,0x00000007b1480000,0x00000007b1480000)
  from space 9728K, 0% used [0x00000007b1f00000,0x00000007b1f10000,0x00000007b2880000)
  to   space 10240K, 0% used [0x00000007b1480000,0x00000007b1480000,0x00000007b1e80000)
 ParOldGen       total 125440K, used 85437K [0x000000070d200000, 0x0000000714c80000, 0x00000007af080000)
  object space 125440K, 68% used [0x000000070d200000,0x000000071256f400,0x0000000714c80000)
 PSPermGen       total 41984K, used 18677K [0x0000000708000000, 0x000000070a900000, 0x000000070d200000)
  object space 41984K, 44% used [0x0000000708000000,0x000000070923d660,0x000000070a900000)
Event: 8070,337 GC heap after
Heap after GC invocations=71 (full 2):
 PSYoungGen      total 47104K, used 96K [0x00000007af080000, 0x00000007b2f00000, 0x0000000800000000)
  eden space 36864K, 0% used [0x00000007af080000,0x00000007af080000,0x00000007b1480000)
  from space 10240K, 0% used [0x00000007b1480000,0x00000007b1498000,0x00000007b1e80000)
  to   space 9728K, 0% used [0x00000007b2580000,0x00000007b2580000,0x00000007b2f00000)
 ParOldGen       total 125440K, used 85445K [0x000000070d200000, 0x0000000714c80000, 0x00000007af080000)
  object space 125440K, 68% used [0x000000070d200000,0x0000000712571400,0x0000000714c80000)
 PSPermGen       total 41984K, used 18677K [0x0000000708000000, 0x000000070a900000, 0x000000070d200000)
  object space 41984K, 44% used [0x0000000708000000,0x000000070923d660,0x000000070a900000)
}
Event: 8077,697 GC heap before
{Heap before GC invocations=72 (full 2):
 PSYoungGen      total 47104K, used 36960K [0x00000007af080000, 0x00000007b2f00000, 0x0000000800000000)
  eden space 36864K, 100% used [0x00000007af080000,0x00000007b1480000,0x00000007b1480000)
  from space 10240K, 0% used [0x00000007b1480000,0x00000007b1498000,0x00000007b1e80000)
  to   space 9728K, 0% used [0x00000007b2580000,0x00000007b2580000,0x00000007b2f00000)
 ParOldGen       total 125440K, used 85445K [0x000000070d200000, 0x0000000714c80000, 0x00000007af080000)
  object space 125440K, 68% used [0x000000070d200000,0x0000000712571400,0x0000000714c80000)
 PSPermGen       total 41984K, used 18677K [0x0000000708000000, 0x000000070a900000, 0x000000070d200000)
  object space 41984K, 44% used [0x0000000708000000,0x000000070923d758,0x000000070a900000)
Event: 8077,701 GC heap after
Heap after GC invocations=72 (full 2):
 PSYoungGen      total 37888K, used 160K [0x00000007af080000, 0x00000007b2700000, 0x0000000800000000)
  eden space 36352K, 0% used [0x00000007af080000,0x00000007af080000,0x00000007b1400000)
  from space 1536K, 10% used [0x00000007b2580000,0x00000007b25a8000,0x00000007b2700000)
  to   space 9728K, 0% used [0x00000007b1400000,0x00000007b1400000,0x00000007b1d80000)
 ParOldGen       total 125440K, used 85461K [0x000000070d200000, 0x0000000714c80000, 0x00000007af080000)
  object space 125440K, 68% used [0x000000070d200000,0x0000000712575400,0x0000000714c80000)
 PSPermGen       total 41984K, used 18677K [0x0000000708000000, 0x000000070a900000, 0x000000070d200000)
  object space 41984K, 44% used [0x0000000708000000,0x000000070923d758,0x000000070a900000)
}
Event: 8079,948 GC heap before
{Heap before GC invocations=73 (full 2):
 PSYoungGen      total 37888K, used 36512K [0x00000007af080000, 0x00000007b2700000, 0x0000000800000000)
  eden space 36352K, 100% used [0x00000007af080000,0x00000007b1400000,0x00000007b1400000)
  from space 1536K, 10% used [0x00000007b2580000,0x00000007b25a8000,0x00000007b2700000)
  to   space 9728K, 0% used [0x00000007b1400000,0x00000007b1400000,0x00000007b1d80000)
 ParOldGen       total 125440K, used 85461K [0x000000070d200000, 0x0000000714c80000, 0x00000007af080000)
  object space 125440K, 68% used [0x000000070d200000,0x0000000712575400,0x0000000714c80000)
 PSPermGen       total 41984K, used 18679K [0x0000000708000000, 0x000000070a900000, 0x000000070d200000)
  object space 41984K, 44% used [0x0000000708000000,0x000000070923dc68,0x000000070a900000)
Event: 8079,955 GC heap after
Heap after GC invocations=73 (full 2):
 PSYoungGen      total 45568K, used 7853K [0x00000007af080000, 0x00000007b2880000, 0x0000000800000000)
  eden space 35840K, 0% used [0x00000007af080000,0x00000007af080000,0x00000007b1380000)
  from space 9728K, 80% used [0x00000007b1400000,0x00000007b1bab490,0x00000007b1d80000)
  to   space 10752K, 0% used [0x00000007b1e00000,0x00000007b1e00000,0x00000007b2880000)
 ParOldGen       total 125440K, used 100847K [0x000000070d200000, 0x0000000714c80000, 0x00000007af080000)
  object space 125440K, 80% used [0x000000070d200000,0x000000071347bd20,0x0000000714c80000)
 PSPermGen       total 41984K, used 18679K [0x0000000708000000, 0x000000070a900000, 0x000000070d200000)
  object space 41984K, 44% used [0x0000000708000000,0x000000070923dc68,0x000000070a900000)
}
Event: 8110,446 GC heap before
{Heap before GC invocations=74 (full 2):
 PSYoungGen      total 45568K, used 43693K [0x00000007af080000, 0x00000007b2880000, 0x0000000800000000)
  eden space 35840K, 100% used [0x00000007af080000,0x00000007b1380000,0x00000007b1380000)
  from space 9728K, 80% used [0x00000007b1400000,0x00000007b1bab490,0x00000007b1d80000)
  to   space 10752K, 0% used [0x00000007b1e00000,0x00000007b1e00000,0x00000007b2880000)
 ParOldGen       total 125440K, used 100847K [0x000000070d200000, 0x0000000714c80000, 0x00000007af080000)
  object space 125440K, 80% used [0x000000070d200000,0x000000071347bd20,0x0000000714c80000)
 PSPermGen       total 41984K, used 18685K [0x0000000708000000, 0x000000070a900000, 0x000000070d200000)
  object space 41984K, 44% used [0x0000000708000000,0x000000070923f530,0x000000070a900000)
Event: 8110,456 GC heap after
Heap after GC invocations=74 (full 2):
 PSYoungGen      total 45568K, used 256K [0x00000007af080000, 0x00000007b2800000, 0x0000000800000000)
  eden space 35328K, 0% used [0x00000007af080000,0x00000007af080000,0x00000007b1300000)
  from space 10240K, 2% used [0x00000007b1e00000,0x00000007b1e40000,0x00000007b2800000)
  to   space 10752K, 0% used [0x00000007b1300000,0x00000007b1300000,0x00000007b1d80000)
 ParOldGen       total 125440K, used 123958K [0x000000070d200000, 0x0000000714c80000, 0x00000007af080000)
  object space 125440K, 98% used [0x000000070d200000,0x0000000714b0dad0,0x0000000714c80000)
 PSPermGen       total 41984K, used 18685K [0x0000000708000000, 0x000000070a900000, 0x000000070d200000)
  object space 41984K, 44% used [0x0000000708000000,0x000000070923f530,0x000000070a900000)
}
Event: 8110,456 GC heap before
{Heap before GC invocations=75 (full 3):
 PSYoungGen      total 45568K, used 256K [0x00000007af080000, 0x00000007b2800000, 0x0000000800000000)
  eden space 35328K, 0% used [0x00000007af080000,0x00000007af080000,0x00000007b1300000)
  from space 10240K, 2% used [0x00000007b1e00000,0x00000007b1e40000,0x00000007b2800000)
  to   space 10752K, 0% used [0x00000007b1300000,0x00000007b1300000,0x00000007b1d80000)
 ParOldGen       total 125440K, used 123958K [0x000000070d200000, 0x0000000714c80000, 0x00000007af080000)
  object space 125440K, 98% used [0x000000070d200000,0x0000000714b0dad0,0x0000000714c80000)
 PSPermGen       total 41984K, used 18685K [0x0000000708000000, 0x000000070a900000, 0x000000070d200000)
  object space 41984K, 44% used [0x0000000708000000,0x000000070923f530,0x000000070a900000)

