# JRE version: Java(TM) SE Runtime Environment (7.0_80-b15) (build 1.7.0_80-b15)
# Java VM: Java HotSpot(TM) 64-Bit Server VM (24.80-b11 mixed mode linux-amd64 compressed oops)
Heap
 PSYoungGen      total 57344K, used 55667K [0x00000007af080000, 0x00000007b4e00000, 0x0000000800000000)
  eden space 56832K, 97% used [0x00000007af080000,0x00000007b268ce38,0x00000007b2800000)
  from space 512K, 62% used [0x00000007b2900000,0x00000007b2950000,0x00000007b2980000)
  to   space 19456K, 0% used [0x00000007b3b00000,0x00000007b3b00000,0x00000007b4e00000)
 ParOldGen       total 165376K, used 20188K [0x000000070d200000, 0x0000000717380000, 0x00000007af080000)
  object space 165376K, 12% used [0x000000070d200000,0x000000070e5b70e0,0x0000000717380000)
 PSPermGen       total 21504K, used 20610K [0x0000000708000000, 0x0000000709500000, 0x000000070d200000)
  object space 21504K, 95% used [0x0000000708000000,0x0000000709420848,0x0000000709500000)
GC Heap History (10 events):
Event: 31,906 GC heap before
{Heap before GC invocations=7 (full 0):
 PSYoungGen      total 81920K, used 73060K [0x00000007af080000, 0x00000007b8a80000, 0x0000000800000000)
  eden space 62464K, 100% used [0x00000007af080000,0x00000007b2d80000,0x00000007b2d80000)
  from space 19456K, 54% used [0x00000007b3f00000,0x00000007b4959110,0x00000007b5200000)
  to   space 17920K, 0% used [0x00000007b2d80000,0x00000007b2d80000,0x00000007b3f00000)
 ParOldGen       total 165376K, used 8762K [0x000000070d200000, 0x0000000717380000, 0x00000007af080000)
  object space 165376K, 5% used [0x000000070d200000,0x000000070da8eb08,0x0000000717380000)
 PSPermGen       total 21504K, used 20328K [0x0000000708000000, 0x0000000709500000, 0x000000070d200000)
  object space 21504K, 94% used [0x0000000708000000,0x00000007093da238,0x0000000709500000)
Event: 31,915 GC heap after
Heap after GC invocations=7 (full 0):
 PSYoungGen      total 67072K, used 6130K [0x00000007af080000, 0x00000007b4f00000, 0x0000000800000000)
  eden space 60928K, 0% used [0x00000007af080000,0x00000007af080000,0x00000007b2c00000)
  from space 6144K, 99% used [0x00000007b2d80000,0x00000007b337c888,0x00000007b3380000)
  to   space 17920K, 0% used [0x00000007b3d80000,0x00000007b3d80000,0x00000007b4f00000)
 ParOldGen       total 165376K, used 13521K [0x000000070d200000, 0x0000000717380000, 0x00000007af080000)
  object space 165376K, 8% used [0x000000070d200000,0x000000070df344c8,0x0000000717380000)
 PSPermGen       total 21504K, used 20328K [0x0000000708000000, 0x0000000709500000, 0x000000070d200000)
  object space 21504K, 94% used [0x0000000708000000,0x00000007093da238,0x0000000709500000)
}
Event: 34,601 GC heap before
{Heap before GC invocations=8 (full 0):
 PSYoungGen      total 67072K, used 67058K [0x00000007af080000, 0x00000007b4f00000, 0x0000000800000000)
  eden space 60928K, 100% used [0x00000007af080000,0x00000007b2c00000,0x00000007b2c00000)
  from space 6144K, 99% used [0x00000007b2d80000,0x00000007b337c888,0x00000007b3380000)
  to   space 17920K, 0% used [0x00000007b3d80000,0x00000007b3d80000,0x00000007b4f00000)
 ParOldGen       total 165376K, used 13521K [0x000000070d200000, 0x0000000717380000, 0x00000007af080000)
  object space 165376K, 8% used [0x000000070d200000,0x000000070df344c8,0x0000000717380000)
 PSPermGen       total 21504K, used 20478K [0x0000000708000000, 0x0000000709500000, 0x000000070d200000)
  object space 21504K, 95% used [0x0000000708000000,0x00000007093ffaa0,0x0000000709500000)
Event: 34,607 GC heap after
Heap after GC invocations=8 (full 0):
 PSYoungGen      total 77824K, used 1277K [0x00000007af080000, 0x00000007b5000000, 0x0000000800000000)
  eden space 59904K, 0% used [0x00000007af080000,0x00000007af080000,0x00000007b2b00000)
  from space 17920K, 7% used [0x00000007b3d80000,0x00000007b3ebf7f0,0x00000007b4f00000)
  to   space 18944K, 0% used [0x00000007b2b00000,0x00000007b2b00000,0x00000007b3d80000)
 ParOldGen       total 165376K, used 19134K [0x000000070d200000, 0x0000000717380000, 0x00000007af080000)
  object space 165376K, 11% used [0x000000070d200000,0x000000070e4afba8,0x0000000717380000)
 PSPermGen       total 21504K, used 20478K [0x0000000708000000, 0x0000000709500000, 0x000000070d200000)
  object space 21504K, 95% used [0x0000000708000000,0x00000007093ffaa0,0x0000000709500000)
}
Event: 36,293 GC heap before
{Heap before GC invocations=9 (full 0):
 PSYoungGen      total 77824K, used 61181K [0x00000007af080000, 0x00000007b5000000, 0x0000000800000000)
  eden space 59904K, 100% used [0x00000007af080000,0x00000007b2b00000,0x00000007b2b00000)
  from space 17920K, 7% used [0x00000007b3d80000,0x00000007b3ebf7f0,0x00000007b4f00000)
  to   space 18944K, 0% used [0x00000007b2b00000,0x00000007b2b00000,0x00000007b3d80000)
 ParOldGen       total 165376K, used 19134K [0x000000070d200000, 0x0000000717380000, 0x00000007af080000)
  object space 165376K, 11% used [0x000000070d200000,0x000000070e4afba8,0x0000000717380000)
 PSPermGen       total 21504K, used 20543K [0x0000000708000000, 0x0000000709500000, 0x000000070d200000)
  object space 21504K, 95% used [0x0000000708000000,0x000000070940fc60,0x0000000709500000)
Event: 36,295 GC heap after
Heap after GC invocations=9 (full 0):
 PSYoungGen      total 59904K, used 952K [0x00000007af080000, 0x00000007b4f00000, 0x0000000800000000)
  eden space 58880K, 0% used [0x00000007af080000,0x00000007af080000,0x00000007b2a00000)
  from space 1024K, 93% used [0x00000007b2b00000,0x00000007b2bee3a0,0x00000007b2c00000)
  to   space 18944K, 0% used [0x00000007b3c80000,0x00000007b3c80000,0x00000007b4f00000)
 ParOldGen       total 165376K, used 19472K [0x000000070d200000, 0x0000000717380000, 0x00000007af080000)
  object space 165376K, 11% used [0x000000070d200000,0x000000070e504228,0x0000000717380000)
 PSPermGen       total 21504K, used 20543K [0x0000000708000000, 0x0000000709500000, 0x000000070d200000)
  object space 21504K, 95% used [0x0000000708000000,0x000000070940fc60,0x0000000709500000)
}
Event: 36,537 GC heap before
{Heap before GC invocations=10 (full 0):
 PSYoungGen      total 59904K, used 59832K [0x00000007af080000, 0x00000007b4f00000, 0x0000000800000000)
  eden space 58880K, 100% used [0x00000007af080000,0x00000007b2a00000,0x00000007b2a00000)
  from space 1024K, 93% used [0x00000007b2b00000,0x00000007b2bee3a0,0x00000007b2c00000)
  to   space 18944K, 0% used [0x00000007b3c80000,0x00000007b3c80000,0x00000007b4f00000)
 ParOldGen       total 165376K, used 19472K [0x000000070d200000, 0x0000000717380000, 0x00000007af080000)
  object space 165376K, 11% used [0x000000070d200000,0x000000070e504228,0x0000000717380000)
 PSPermGen       total 21504K, used 20554K [0x0000000708000000, 0x0000000709500000, 0x000000070d200000)
  object space 21504K, 95% used [0x0000000708000000,0x0000000709412930,0x0000000709500000)
Event: 36,539 GC heap after
Heap after GC invocations=10 (full 0):
 PSYoungGen      total 76800K, used 320K [0x00000007af080000, 0x00000007b4f00000, 0x0000000800000000)
  eden space 57856K, 0% used [0x00000007af080000,0x00000007af080000,0x00000007b2900000)
  from space 18944K, 1% used [0x00000007b3c80000,0x00000007b3cd0000,0x00000007b4f00000)
  to   space 19456K, 0% used [0x00000007b2900000,0x00000007b2900000,0x00000007b3c00000)
 ParOldGen       total 165376K, used 20140K [0x000000070d200000, 0x0000000717380000, 0x00000007af080000)
  object space 165376K, 12% used [0x000000070d200000,0x000000070e5ab0e0,0x0000000717380000)
 PSPermGen       total 21504K, used 20554K [0x0000000708000000, 0x0000000709500000, 0x000000070d200000)
  object space 21504K, 95% used [0x0000000708000000,0x0000000709412930,0x0000000709500000)
}
Event: 37,797 GC heap before
{Heap before GC invocations=11 (full 0):
 PSYoungGen      total 76800K, used 58176K [0x00000007af080000, 0x00000007b4f00000, 0x0000000800000000)
  eden space 57856K, 100% used [0x00000007af080000,0x00000007b2900000,0x00000007b2900000)
  from space 18944K, 1% used [0x00000007b3c80000,0x00000007b3cd0000,0x00000007b4f00000)
  to   space 19456K, 0% used [0x00000007b2900000,0x00000007b2900000,0x00000007b3c00000)
 ParOldGen       total 165376K, used 20140K [0x000000070d200000, 0x0000000717380000, 0x00000007af080000)
  object space 165376K, 12% used [0x000000070d200000,0x000000070e5ab0e0,0x0000000717380000)
 PSPermGen       total 21504K, used 20591K [0x0000000708000000, 0x0000000709500000, 0x000000070d200000)
  object space 21504K, 95% used [0x0000000708000000,0x000000070941bc80,0x0000000709500000)
Event: 37,799 GC heap after
Heap after GC invocations=11 (full 0):
 PSYoungGen      total 57344K, used 320K [0x00000007af080000, 0x00000007b4e00000, 0x0000000800000000)
  eden space 56832K, 0% used [0x00000007af080000,0x00000007af080000,0x00000007b2800000)
  from space 512K, 62% used [0x00000007b2900000,0x00000007b2950000,0x00000007b2980000)
  to   space 19456K, 0% used [0x00000007b3b00000,0x00000007b3b00000,0x00000007b4e00000)
 ParOldGen       total 165376K, used 20188K [0x000000070d200000, 0x0000000717380000, 0x00000007af080000)
  object space 165376K, 12% used [0x000000070d200000,0x000000070e5b70e0,0x0000000717380000)
 PSPermGen       total 21504K, used 20591K [0x0000000708000000, 0x0000000709500000, 0x000000070d200000)
  object space 21504K, 95% used [0x0000000708000000,0x000000070941bc80,0x0000000709500000)
}

