# JRE version: Java(TM) SE Runtime Environment (7.0_80-b15) (build 1.7.0_80-b15)
# Java VM: Java HotSpot(TM) 64-Bit Server VM (24.80-b11 mixed mode linux-amd64 compressed oops)
Heap
 PSYoungGen      total 40960K, used 12588K [0x00000007af080000, 0x00000007b2b80000, 0x0000000800000000)
  eden space 26112K, 0% used [0x00000007af080000,0x00000007af080000,0x00000007b0a00000)
  from space 14848K, 84% used [0x00000007b1a00000,0x00000007b264b030,0x00000007b2880000)
  to   space 16384K, 0% used [0x00000007b0a00000,0x00000007b0a00000,0x00000007b1a00000)
 ParOldGen       total 158720K, used 151706K [0x000000070d200000, 0x0000000716d00000, 0x00000007af080000)
  object space 158720K, 95% used [0x000000070d200000,0x0000000716626a40,0x0000000716d00000)
 PSPermGen       total 32256K, used 19417K [0x0000000708000000, 0x0000000709f80000, 0x000000070d200000)
  object space 32256K, 60% used [0x0000000708000000,0x00000007092f6788,0x0000000709f80000)
GC Heap History (10 events):
Event: 76504,701 GC heap after
Heap after GC invocations=282 (full 8):
 PSYoungGen      total 41984K, used 2649K [0x00000007af080000, 0x00000007b2780000, 0x0000000800000000)
  eden space 27648K, 0% used [0x00000007af080000,0x00000007af080000,0x00000007b0b80000)
  from space 14336K, 18% used [0x00000007b1980000,0x00000007b1c166b0,0x00000007b2780000)
  to   space 14336K, 0% used [0x00000007b0b80000,0x00000007b0b80000,0x00000007b1980000)
 ParOldGen       total 151040K, used 128278K [0x000000070d200000, 0x0000000716580000, 0x00000007af080000)
  object space 151040K, 84% used [0x000000070d200000,0x0000000714f45870,0x0000000716580000)
 PSPermGen       total 32256K, used 19417K [0x0000000708000000, 0x0000000709f80000, 0x000000070d200000)
  object space 32256K, 60% used [0x0000000708000000,0x00000007092f6788,0x0000000709f80000)
}
Event: 76508,302 GC heap before
{Heap before GC invocations=283 (full 8):
 PSYoungGen      total 41984K, used 30297K [0x00000007af080000, 0x00000007b2780000, 0x0000000800000000)
  eden space 27648K, 100% used [0x00000007af080000,0x00000007b0b80000,0x00000007b0b80000)
  from space 14336K, 18% used [0x00000007b1980000,0x00000007b1c166b0,0x00000007b2780000)
  to   space 14336K, 0% used [0x00000007b0b80000,0x00000007b0b80000,0x00000007b1980000)
 ParOldGen       total 151040K, used 128278K [0x000000070d200000, 0x0000000716580000, 0x00000007af080000)
  object space 151040K, 84% used [0x000000070d200000,0x0000000714f45870,0x0000000716580000)
 PSPermGen       total 32256K, used 19417K [0x0000000708000000, 0x0000000709f80000, 0x000000070d200000)
  object space 32256K, 60% used [0x0000000708000000,0x00000007092f6788,0x0000000709f80000)
Event: 76508,308 GC heap after
Heap after GC invocations=283 (full 8):
 PSYoungGen      total 30720K, used 2646K [0x00000007af080000, 0x00000007b2680000, 0x0000000800000000)
  eden space 27648K, 0% used [0x00000007af080000,0x00000007af080000,0x00000007b0b80000)
  from space 3072K, 86% used [0x00000007b0b80000,0x00000007b0e15b70,0x00000007b0e80000)
  to   space 13824K, 0% used [0x00000007b1900000,0x00000007b1900000,0x00000007b2680000)
 ParOldGen       total 151040K, used 128817K [0x000000070d200000, 0x0000000716580000, 0x00000007af080000)
  object space 151040K, 85% used [0x000000070d200000,0x0000000714fcc700,0x0000000716580000)
 PSPermGen       total 32256K, used 19417K [0x0000000708000000, 0x0000000709f80000, 0x000000070d200000)
  object space 32256K, 60% used [0x0000000708000000,0x00000007092f6788,0x0000000709f80000)
}
Event: 76517,288 GC heap before
{Heap before GC invocations=284 (full 8):
 PSYoungGen      total 30720K, used 30294K [0x00000007af080000, 0x00000007b2680000, 0x0000000800000000)
  eden space 27648K, 100% used [0x00000007af080000,0x00000007b0b80000,0x00000007b0b80000)
  from space 3072K, 86% used [0x00000007b0b80000,0x00000007b0e15b70,0x00000007b0e80000)
  to   space 13824K, 0% used [0x00000007b1900000,0x00000007b1900000,0x00000007b2680000)
 ParOldGen       total 151040K, used 128817K [0x000000070d200000, 0x0000000716580000, 0x00000007af080000)
  object space 151040K, 85% used [0x000000070d200000,0x0000000714fcc700,0x0000000716580000)
 PSPermGen       total 32256K, used 19417K [0x0000000708000000, 0x0000000709f80000, 0x000000070d200000)
  object space 32256K, 60% used [0x0000000708000000,0x00000007092f6788,0x0000000709f80000)
Event: 76517,293 GC heap after
Heap after GC invocations=284 (full 8):
 PSYoungGen      total 41472K, used 1983K [0x00000007af080000, 0x00000007b2680000, 0x0000000800000000)
  eden space 27648K, 0% used [0x00000007af080000,0x00000007af080000,0x00000007b0b80000)
  from space 13824K, 14% used [0x00000007b1900000,0x00000007b1aeff60,0x00000007b2680000)
  to   space 13824K, 0% used [0x00000007b0b80000,0x00000007b0b80000,0x00000007b1900000)
 ParOldGen       total 151040K, used 129396K [0x000000070d200000, 0x0000000716580000, 0x00000007af080000)
  object space 151040K, 85% used [0x000000070d200000,0x000000071505d140,0x0000000716580000)
 PSPermGen       total 32256K, used 19417K [0x0000000708000000, 0x0000000709f80000, 0x000000070d200000)
  object space 32256K, 60% used [0x0000000708000000,0x00000007092f6788,0x0000000709f80000)
}
Event: 76528,774 GC heap before
{Heap before GC invocations=285 (full 8):
 PSYoungGen      total 41472K, used 29631K [0x00000007af080000, 0x00000007b2680000, 0x0000000800000000)
  eden space 27648K, 100% used [0x00000007af080000,0x00000007b0b80000,0x00000007b0b80000)
  from space 13824K, 14% used [0x00000007b1900000,0x00000007b1aeff60,0x00000007b2680000)
  to   space 13824K, 0% used [0x00000007b0b80000,0x00000007b0b80000,0x00000007b1900000)
 ParOldGen       total 151040K, used 129396K [0x000000070d200000, 0x0000000716580000, 0x00000007af080000)
  object space 151040K, 85% used [0x000000070d200000,0x000000071505d140,0x0000000716580000)
 PSPermGen       total 32256K, used 19417K [0x0000000708000000, 0x0000000709f80000, 0x000000070d200000)
  object space 32256K, 60% used [0x0000000708000000,0x00000007092f6788,0x0000000709f80000)
Event: 76528,780 GC heap after
Heap after GC invocations=285 (full 8):
 PSYoungGen      total 41472K, used 10552K [0x00000007af080000, 0x00000007b2880000, 0x0000000800000000)
  eden space 27648K, 0% used [0x00000007af080000,0x00000007af080000,0x00000007b0b80000)
  from space 13824K, 76% used [0x00000007b0b80000,0x00000007b15ce370,0x00000007b1900000)
  to   space 14848K, 0% used [0x00000007b1a00000,0x00000007b1a00000,0x00000007b2880000)
 ParOldGen       total 151040K, used 136833K [0x000000070d200000, 0x0000000716580000, 0x00000007af080000)
  object space 151040K, 90% used [0x000000070d200000,0x00000007157a0440,0x0000000716580000)
 PSPermGen       total 32256K, used 19417K [0x0000000708000000, 0x0000000709f80000, 0x000000070d200000)
  object space 32256K, 60% used [0x0000000708000000,0x00000007092f6788,0x0000000709f80000)
}
Event: 76530,182 GC heap before
{Heap before GC invocations=286 (full 8):
 PSYoungGen      total 41472K, used 38200K [0x00000007af080000, 0x00000007b2880000, 0x0000000800000000)
  eden space 27648K, 100% used [0x00000007af080000,0x00000007b0b80000,0x00000007b0b80000)
  from space 13824K, 76% used [0x00000007b0b80000,0x00000007b15ce370,0x00000007b1900000)
  to   space 14848K, 0% used [0x00000007b1a00000,0x00000007b1a00000,0x00000007b2880000)
 ParOldGen       total 151040K, used 136833K [0x000000070d200000, 0x0000000716580000, 0x00000007af080000)
  object space 151040K, 90% used [0x000000070d200000,0x00000007157a0440,0x0000000716580000)
 PSPermGen       total 32256K, used 19417K [0x0000000708000000, 0x0000000709f80000, 0x000000070d200000)
  object space 32256K, 60% used [0x0000000708000000,0x00000007092f6788,0x0000000709f80000)
Event: 76530,193 GC heap after
Heap after GC invocations=286 (full 8):
 PSYoungGen      total 40960K, used 12588K [0x00000007af080000, 0x00000007b2b80000, 0x0000000800000000)
  eden space 26112K, 0% used [0x00000007af080000,0x00000007af080000,0x00000007b0a00000)
  from space 14848K, 84% used [0x00000007b1a00000,0x00000007b264b030,0x00000007b2880000)
  to   space 16384K, 0% used [0x00000007b0a00000,0x00000007b0a00000,0x00000007b1a00000)
 ParOldGen       total 158720K, used 151706K [0x000000070d200000, 0x0000000716d00000, 0x00000007af080000)
  object space 158720K, 95% used [0x000000070d200000,0x0000000716626a40,0x0000000716d00000)
 PSPermGen       total 32256K, used 19417K [0x0000000708000000, 0x0000000709f80000, 0x000000070d200000)
  object space 32256K, 60% used [0x0000000708000000,0x00000007092f6788,0x0000000709f80000)
}
Event: 76530,193 GC heap before
{Heap before GC invocations=287 (full 9):
 PSYoungGen      total 40960K, used 12588K [0x00000007af080000, 0x00000007b2b80000, 0x0000000800000000)
  eden space 26112K, 0% used [0x00000007af080000,0x00000007af080000,0x00000007b0a00000)
  from space 14848K, 84% used [0x00000007b1a00000,0x00000007b264b030,0x00000007b2880000)
  to   space 16384K, 0% used [0x00000007b0a00000,0x00000007b0a00000,0x00000007b1a00000)
 ParOldGen       total 158720K, used 151706K [0x000000070d200000, 0x0000000716d00000, 0x00000007af080000)
  object space 158720K, 95% used [0x000000070d200000,0x0000000716626a40,0x0000000716d00000)
 PSPermGen       total 32256K, used 19417K [0x0000000708000000, 0x0000000709f80000, 0x000000070d200000)
  object space 32256K, 60% used [0x0000000708000000,0x00000007092f6788,0x0000000709f80000)

